     1                                  
     2                                  BITS 32
     3 00000000 F3A4                    rep	movsb	 ;err=00 warn=00 typ=00 act=00 adr=00000000
     4 00000002 3E                      db	003EH ;err=00 warn=02 typ=00 act=10 adr=00000064
     5 00000003 A164000000              mov	eax,[0064H] ;err=00 warn=00 typ=00 act=10 adr=00000064
     6 00000008 DE03                    fiadd	word [ebx] ;err=00 warn=00 typ=00 act=00 adr=00000000
     7 0000000A DE0B                    fimul	word [ebx] ;err=00 warn=00 typ=00 act=00 adr=00000000
     8 0000000C DE13                    ficom	word [ebx] ;err=00 warn=00 typ=00 act=00 adr=00000000
     9 0000000E DE1B                    ficomp	word [ebx] ;err=00 warn=00 typ=00 act=00 adr=00000000
    10 00000010 DE23                    fisub	word [ebx] ;err=00 warn=00 typ=00 act=00 adr=00000000
    11 00000012 DE2B                    fisubr	word [ebx] ;err=00 warn=00 typ=00 act=00 adr=00000000
    12 00000014 DE33                    fidiv	word [ebx] ;err=00 warn=00 typ=00 act=00 adr=00000000
    13 00000016 DE3B                    fidivr	word [ebx] ;err=00 warn=00 typ=00 act=00 adr=00000000
    14 00000018 DEC2                    faddp	st2 ;err=00 warn=00 typ=00 act=00 adr=00000000
    15 0000001A DEE1                    fsubrp	st1 ;err=00 warn=00 typ=00 act=00 adr=00000000
    16 0000001C DEF1                    fdivrp	st1 ;err=00 warn=00 typ=00 act=00 adr=00000000
    17 0000001E DEC9                    fmulp	st1 ;err=00 warn=00 typ=00 act=00 adr=00000000
    18 00000020 DEE9                    fsubp	st1 ;err=00 warn=00 typ=00 act=00 adr=00000000
    19 00000022 DEF9                    fdivp	st1 ;err=00 warn=00 typ=00 act=00 adr=00000000
    20 00000024 DED9                    fcompp ;err=00 warn=00 typ=00 act=00 adr=00000000
    21 00000026 DD03                    fld	qword [ebx] ;err=00 warn=00 typ=00 act=00 adr=00000000
    22 00000028 DD13                    fst	qword [ebx] ;err=00 warn=00 typ=00 act=00 adr=00000000
    23 0000002A DD1B                    fstp	qword [ebx] ;err=00 warn=00 typ=00 act=00 adr=00000000
    24 0000002C DD23                    frstor	[ebx] ;err=00 warn=00 typ=00 act=00 adr=00000000
    25 0000002E DD33                    fnsave	[ebx] ;err=00 warn=00 typ=00 act=00 adr=00000000
    26 00000030 DD3B                    fnstsw	[ebx] ;err=00 warn=00 typ=00 act=00 adr=00000000
    27 00000032 DDC1                    ffree	st1 ;err=00 warn=00 typ=00 act=00 adr=00000000
    28 00000034 DDD1                    fst	st1 ;err=00 warn=00 typ=00 act=00 adr=00000000
    29 00000036 DDE1                    fucom	st1 ;err=00 warn=00 typ=00 act=00 adr=00000000
    30 00000038 DDD9                    fstp	st1 ;err=00 warn=00 typ=00 act=00 adr=00000000
    31 0000003A DDE9                    fucomp	st1 ;err=00 warn=00 typ=00 act=00 adr=00000000
    32 0000003C DCC0                    fadd	st0,st0 ;err=00 warn=00 typ=00 act=00 adr=00000000
    33 0000003E DCC1                    fadd	st1,st0 ;err=00 warn=00 typ=00 act=00 adr=00000000
    34 00000040 DCC7                    fadd	st7,st0 ;err=00 warn=00 typ=00 act=00 adr=00000000
    35 00000042 DC03                    fadd	qword [ebx] ;err=00 warn=00 typ=00 act=00 adr=00000000
    36 00000044 DC06                    fadd	qword [esi] ;err=00 warn=00 typ=00 act=00 adr=00000000
    37 00000046 DC0556341208            fadd	qword [08123456H] ;err=00 warn=00 typ=00 act=10 adr=08123456
    38 0000004C DC8356341208            fadd	qword [ebx+08123456H] ;err=00 warn=00 typ=00 act=10 adr=08123456
    39 00000052 DC840B56341208          fadd	qword [ebx+ecx+08123456H] ;err=00 warn=00 typ=00 act=10 adr=08123456
    40 00000059 DC84D934120000          fadd	qword [ecx+ebx*8+01234H] ;err=00 warn=00 typ=00 act=10 adr=00001234
    41 00000060 DC0B                    fmul	qword [ebx] ;err=00 warn=00 typ=00 act=00 adr=00000000
    42 00000062 DC13                    fcom	qword [ebx] ;err=00 warn=00 typ=00 act=00 adr=00000000
    43 00000064 DC1B                    fcomp	qword [ebx] ;err=00 warn=00 typ=00 act=00 adr=00000000
    44 00000066 DC23                    fsub	qword [ebx] ;err=00 warn=00 typ=00 act=00 adr=00000000
    45 00000068 DC2B                    fsubr	qword [ebx] ;err=00 warn=00 typ=00 act=00 adr=00000000
    46 0000006A DC33                    fdiv	qword [ebx] ;err=00 warn=00 typ=00 act=00 adr=00000000
    47 0000006C DC3B                    fdivr	qword [ebx] ;err=00 warn=00 typ=00 act=00 adr=00000000
    48 0000006E DCE1                    fsubr	st1,st0 ;err=00 warn=00 typ=00 act=00 adr=00000000
    49 00000070 DCE9                    fsub	st1,st0 ;err=00 warn=00 typ=00 act=00 adr=00000000
    50 00000072 DCF1                    fdivr	st1,st0 ;err=00 warn=00 typ=00 act=00 adr=00000000
    51 00000074 DCC9                    fmul	st1,st0 ;err=00 warn=00 typ=00 act=00 adr=00000000
    52 00000076 DCF9                    fdiv	st1,st0 ;err=00 warn=00 typ=00 act=00 adr=00000000
    53 00000078 DB03                    fild	dword [ebx] ;err=00 warn=00 typ=00 act=00 adr=00000000
    54 0000007A DB13                    fist	dword [ebx] ;err=00 warn=00 typ=00 act=00 adr=00000000
    55 0000007C DB1B                    fistp	dword [ebx] ;err=00 warn=00 typ=00 act=00 adr=00000000
    56 0000007E DB2B                    fld	tword [ebx] ;err=00 warn=00 typ=00 act=00 adr=00000000
    57 00000080 DB3B                    fstp	tword [ebx] ;err=00 warn=00 typ=00 act=00 adr=00000000
    58 00000082 DBE2                    fnclex	 ;err=00 warn=00 typ=00 act=00 adr=00000000
    59 00000084 DBE3                    fninit	 ;err=00 warn=00 typ=00 act=00 adr=00000000
    60 00000086 DBC1                    fcmovnb	st1 ;err=00 warn=00 typ=00 act=00 adr=00000000
    61 00000088 DBC9                    fcmovne	st1 ;err=00 warn=00 typ=00 act=00 adr=00000000
    62 0000008A DBD1                    fcmovnbe	st1 ;err=00 warn=00 typ=00 act=00 adr=00000000
    63 0000008C DBD9                    fcmovnu	st1 ;err=00 warn=00 typ=00 act=00 adr=00000000
    64 0000008E DBF1                    fcomi	st1 ;err=00 warn=00 typ=00 act=00 adr=00000000
    65 00000090 DBE9                    fucomi	st1 ;err=00 warn=00 typ=00 act=00 adr=00000000
    66 00000092 DA00                    fiadd	dword [eax] ;err=00 warn=00 typ=00 act=00 adr=00000000
    67 00000094 DA08                    fimul	dword [eax] ;err=00 warn=00 typ=00 act=00 adr=00000000
    68 00000096 DA10                    ficom	dword [eax] ;err=00 warn=00 typ=00 act=00 adr=00000000
    69 00000098 DA18                    ficomp	dword [eax] ;err=00 warn=00 typ=00 act=00 adr=00000000
    70 0000009A DA20                    fisub	dword [eax] ;err=00 warn=00 typ=00 act=00 adr=00000000
    71 0000009C DA28                    fisubr	dword [eax] ;err=00 warn=00 typ=00 act=00 adr=00000000
    72 0000009E DA30                    fidiv	dword [eax] ;err=00 warn=00 typ=00 act=00 adr=00000000
    73 000000A0 DA38                    fidivr	dword [eax] ;err=00 warn=00 typ=00 act=00 adr=00000000
    74 000000A2 DAC1                    fcmovb	st1 ;err=00 warn=00 typ=00 act=00 adr=00000000
    75 000000A4 DAC9                    fcmove	st1 ;err=00 warn=00 typ=00 act=00 adr=00000000
    76 000000A6 DAD1                    fcmovbe	st1 ;err=00 warn=00 typ=00 act=00 adr=00000000
    77 000000A8 DAD9                    fcmovu	st1 ;err=00 warn=00 typ=00 act=00 adr=00000000
    78 000000AA DAE9                    fucompp	 ;err=00 warn=00 typ=00 act=00 adr=00000000
    79 000000AC D9C0                    fld	st0 ;err=00 warn=00 typ=00 act=00 adr=00000000
    80 000000AE D9C1                    fld	st1 ;err=00 warn=00 typ=00 act=00 adr=00000000
    81 000000B0 D903                    fld	dword [ebx] ;err=00 warn=00 typ=00 act=00 adr=00000000
    82 000000B2 D98334120000            fld	dword [ebx+01234H] ;err=00 warn=00 typ=00 act=10 adr=00001234
    83 000000B8 D90556341208            fld	dword [08123456H] ;err=00 warn=00 typ=00 act=10 adr=08123456
    84 000000BE D90433                  fld	dword [ebx+esi] ;err=00 warn=00 typ=00 act=00 adr=00000000
    85 000000C1 D913                    fst	dword [ebx] ;err=00 warn=00 typ=00 act=00 adr=00000000
    86 000000C3 D91B                    fstp	dword [ebx] ;err=00 warn=00 typ=00 act=00 adr=00000000
    87 000000C5 D923                    fldenv	[ebx] ;err=00 warn=00 typ=00 act=00 adr=00000000
    88 000000C7 D92B                    fldcw	[ebx] ;err=00 warn=00 typ=00 act=00 adr=00000000
    89 000000C9 D933                    fnstenv	[ebx] ;err=00 warn=00 typ=00 act=00 adr=00000000
    90 000000CB D93B                    fnstcw	[ebx] ;err=00 warn=00 typ=00 act=00 adr=00000000
    91 000000CD D9D0                    fnop ;err=00 warn=00 typ=00 act=00 adr=00000000
    92 000000CF D9E0                    fchs ;err=00 warn=00 typ=00 act=00 adr=00000000
    93 000000D1 D9E1                    fabs ;err=00 warn=00 typ=00 act=00 adr=00000000
    94 000000D3 D9E4                    ftst ;err=00 warn=00 typ=00 act=00 adr=00000000
    95 000000D5 D9E5                    fxam ;err=00 warn=00 typ=00 act=00 adr=00000000
    96 000000D7 D9F0                    f2xm1 ;err=00 warn=00 typ=00 act=00 adr=00000000
    97 000000D9 D9F1                    fyl2x ;err=00 warn=00 typ=00 act=00 adr=00000000
    98 000000DB D9F2                    fptan ;err=00 warn=00 typ=00 act=00 adr=00000000
    99 000000DD D9F4                    fxtract ;err=00 warn=00 typ=00 act=00 adr=00000000
   100 000000DF D9F5                    fprem1 ;err=00 warn=00 typ=00 act=00 adr=00000000
   101 000000E1 D9F6                    fdecstp ;err=00 warn=00 typ=00 act=00 adr=00000000
   102 000000E3 D9F7                    fincstp ;err=00 warn=00 typ=00 act=00 adr=00000000
   103 000000E5 D9E8                    fld1 ;err=00 warn=00 typ=00 act=00 adr=00000000
   104 000000E7 D9E9                    fldl2t ;err=00 warn=00 typ=00 act=00 adr=00000000
   105 000000E9 D9EA                    fldl2e ;err=00 warn=00 typ=00 act=00 adr=00000000
   106 000000EB D9EB                    fldpi ;err=00 warn=00 typ=00 act=00 adr=00000000
   107 000000ED D9EC                    fldlg2 ;err=00 warn=00 typ=00 act=00 adr=00000000
   108 000000EF D9ED                    fldln2 ;err=00 warn=00 typ=00 act=00 adr=00000000
   109 000000F1 D9EE                    fldz ;err=00 warn=00 typ=00 act=00 adr=00000000
   110 000000F3 D9F8                    fprem ;err=00 warn=00 typ=00 act=00 adr=00000000
   111 000000F5 D9F9                    fyl2xp1 ;err=00 warn=00 typ=00 act=00 adr=00000000
   112 000000F7 D9FA                    fsqrt ;err=00 warn=00 typ=00 act=00 adr=00000000
   113 000000F9 D9FB                    fsincos ;err=00 warn=00 typ=00 act=00 adr=00000000
   114 000000FB D9FC                    frndint ;err=00 warn=00 typ=00 act=00 adr=00000000
   115 000000FD D9FD                    fscale ;err=00 warn=00 typ=00 act=00 adr=00000000
   116 000000FF D9FE                    fsin ;err=00 warn=00 typ=00 act=00 adr=00000000
   117 00000101 D9FF                    fcos ;err=00 warn=00 typ=00 act=00 adr=00000000
   118 00000103 D8C0                    fadd	st0 ;err=00 warn=00 typ=00 act=00 adr=00000000
   119 00000105 D8C1                    fadd	st1 ;err=00 warn=00 typ=00 act=00 adr=00000000
   120 00000107 D8C7                    fadd	st7 ;err=00 warn=00 typ=00 act=00 adr=00000000
   121 00000109 D803                    fadd	dword [ebx] ;err=00 warn=00 typ=00 act=00 adr=00000000
   122 0000010B D806                    fadd	dword [esi] ;err=00 warn=00 typ=00 act=00 adr=00000000
   123 0000010D D80556341208            fadd	dword [08123456H] ;err=00 warn=00 typ=00 act=10 adr=08123456
   124 00000113 D88356341208            fadd	dword [ebx+08123456H] ;err=00 warn=00 typ=00 act=10 adr=08123456
   125 00000119 D8840B56341208          fadd	dword [ebx+ecx+08123456H] ;err=00 warn=00 typ=00 act=10 adr=08123456
   126 00000120 D884D934120000          fadd	dword [ecx+ebx*8+01234H] ;err=00 warn=00 typ=00 act=10 adr=00001234
   127 00000127 D8C8                    fmul	st0 ;err=00 warn=00 typ=00 act=00 adr=00000000
   128 00000129 D8D0                    fcom	st0 ;err=00 warn=00 typ=00 act=00 adr=00000000
   129 0000012B D8D8                    fcomp	st0 ;err=00 warn=00 typ=00 act=00 adr=00000000
   130 0000012D D8E0                    fsub	st0 ;err=00 warn=00 typ=00 act=00 adr=00000000
   131 0000012F D8E8                    fsubr	st0 ;err=00 warn=00 typ=00 act=00 adr=00000000
   132 00000131 D8F0                    fdiv	st0 ;err=00 warn=00 typ=00 act=00 adr=00000000
   133 00000133 D8F8                    fdivr	st0 ;err=00 warn=00 typ=00 act=00 adr=00000000
   134 00000135 A056341208              mov	 al,[008123456H] ;err=00 warn=00 typ=00 act=04 adr=08123456
   135 0000013A A156341208              mov	eax,[008123456H] ;err=00 warn=00 typ=00 act=10 adr=08123456
   136 0000013F A256341208              mov	[08123456H],al  ;err=00 warn=00 typ=00 act=24 adr=08123456
   137 00000144 A356341208              mov	[08123456H],eax ;err=00 warn=00 typ=00 act=30 adr=08123456
   138 00000149 66A356341208            mov	[08123456H],ax  ;err=00 warn=00 typ=00 act=28 adr=08123456
   139 0000014F 0FC8                    bswap	eax ;err=00 warn=00 typ=00 act=00 adr=00000000
   140 00000151 0FCB                    bswap	ebx ;err=00 warn=00 typ=00 act=00 adr=00000000
   141 00000153 0FCA                    bswap	edx ;err=00 warn=00 typ=00 act=00 adr=00000000
   142 00000155 C8341212                enter	01234H,012H ;err=00 warn=00 typ=00 act=00 adr=00000000
   143 00000159 D50A                    aad	byte 0AH ;err=00 warn=00 typ=00 act=00 adr=00000000
   144 0000015B D40A                    aam	byte 0AH ;err=00 warn=00 typ=00 act=00 adr=00000000
   145 0000015D D40A                    aam	byte 0AH ;err=00 warn=00 typ=00 act=00 adr=00000000
   146 0000015F CD12                    int	byte 012H ;err=00 warn=08 typ=00 act=00 adr=00000000
   147 00000161 6A12                    push	byte 012H ;err=00 warn=08 typ=00 act=00 adr=00000000
   148 00000163 1C12                    sbb	al,0012H ;err=00 warn=00 typ=00 act=00 adr=00000000
   149 00000165 2C12                    sub	al,0012H ;err=00 warn=00 typ=00 act=00 adr=00000000
   150 00000167 A812                    test	al,0012H ;err=00 warn=00 typ=00 act=00 adr=00000000
   151 00000169 3412                    xor	al,0012H ;err=00 warn=00 typ=00 act=00 adr=00000000
   152 0000016B 1D56341208              sbb	eax,08123456H ;err=00 warn=00 typ=00 act=20 adr=08123456
   153 00000170 661D3412                sbb	 ax,word 01234H ;err=00 warn=00 typ=00 act=00 adr=00000000
   154 00000174 6856341208              push	08123456H ;err=00 warn=00 typ=00 act=20 adr=08123456
   155 00000179 66683412                push	word 01234H ;err=00 warn=08 typ=00 act=00 adr=00000000
   156 0000017D 2D56341208              sub	eax,08123456H ;err=00 warn=00 typ=00 act=20 adr=08123456
   157 00000182 A956341208              test	eax,08123456H ;err=00 warn=00 typ=00 act=20 adr=08123456
   158 00000187 3556341208              xor	eax,08123456H ;err=00 warn=00 typ=00 act=20 adr=08123456
   159 0000018C C23412                  ret	01234H ;err=00 warn=00 typ=08 act=00 adr=00000000
   160 0000018F CA3412                  retf	01234H ;err=00 warn=00 typ=08 act=00 adr=00000000
   161 00000192 EA896745002301          jmp	0123H:0456789H ;err=00 warn=08 typ=08 act=01 adr=00456789
   162 00000199 9A896745002301          call	0123H:0456789H ;err=00 warn=08 typ=00 act=02 adr=00456789
   163 000001A0 90                      xchg	eax,eax ;err=00 warn=00 typ=00 act=00 adr=00000000
   164 000001A1 70FD                    jo	short $-01H ;err=00 warn=00 typ=02 act=01 adr=000001A0
   165 000001A3 E934000000              jmp	near $+039H ;err=00 warn=00 typ=08 act=01 adr=000001DC
   166 000001A8 E92F000000              jmp	near $+034H ;err=00 warn=00 typ=08 act=01 adr=000001DC
   167 000001AD EBF4                    jmp	short $-0AH ;err=00 warn=00 typ=08 act=01 adr=000001A3
   168 000001AF E828000000              call	near $+02DH ;err=00 warn=00 typ=00 act=02 adr=000001DC
   169 000001B4 E823000000              call	near $+028H ;err=00 warn=00 typ=00 act=02 adr=000001DC
   170 000001B9 E221                    loop	 $+023H ;err=00 warn=00 typ=02 act=01 adr=000001DC
   171 000001BB E2E6                    loop	 $-018H ;err=00 warn=00 typ=02 act=01 adr=000001A3
   172 000001BD E11D                    loope	 $+01FH ;err=00 warn=00 typ=02 act=01 adr=000001DC
   173 000001BF E01B                    loopne	 $+01DH ;err=00 warn=00 typ=02 act=01 adr=000001DC
   174 000001C1 67E318                  jcxz 	 $+01BH ;err=00 warn=00 typ=02 act=01 adr=000001DC
   175 000001C4 E3FB                    jecxz	 $-03H ;err=00 warn=00 typ=02 act=01 adr=000001C1
   176 000001C6 E2F9                    loop	 $-05H ;err=00 warn=00 typ=02 act=01 adr=000001C1
   177 000001C8 EB12                    jmp	short $+014H ;err=00 warn=00 typ=08 act=01 adr=000001DC
   178 000001CA 702E                    jo	short $+030H ;err=00 warn=00 typ=02 act=01 adr=000001FA
   179 000001CC 0F80FA0F0000            jo	near  $+01000H ;err=00 warn=00 typ=02 act=01 adr=000011CC
   180 000001D2 0F8004100000            jo	near  $+0100AH ;err=00 warn=00 typ=02 act=01 adr=000011DC
   181 000001D8 7000                    jo	short $+02H ;err=00 warn=00 typ=02 act=01 adr=000001DA
   182 000001DA 7000                    jo	short $+02H ;err=00 warn=00 typ=02 act=01 adr=000001DC
   183 000001DC 71FE                    jno	short $-00H ;err=00 warn=00 typ=02 act=01 adr=000001DC
   184 000001DE 72FC                    jc	short $-02H ;err=00 warn=00 typ=02 act=01 adr=000001DC
   185 000001E0 73FA                    jnc	short $-04H ;err=00 warn=00 typ=02 act=01 adr=000001DC
   186 000001E2 74F8                    je	short $-06H ;err=00 warn=00 typ=02 act=01 adr=000001DC
   187 000001E4 75F6                    jne	short $-08H ;err=00 warn=00 typ=02 act=01 adr=000001DC
   188 000001E6 76F4                    jna	short $-0AH ;err=00 warn=00 typ=02 act=01 adr=000001DC
   189 000001E8 77F2                    ja	short $-0CH ;err=00 warn=00 typ=02 act=01 adr=000001DC
   190 000001EA 78F0                    js	short $-0EH ;err=00 warn=00 typ=02 act=01 adr=000001DC
   191 000001EC 79EE                    jns	short $-010H ;err=00 warn=00 typ=02 act=01 adr=000001DC
   192 000001EE 7AEC                    jp	short $-012H ;err=00 warn=00 typ=02 act=01 adr=000001DC
   193 000001F0 7BEA                    jnp	short $-014H ;err=00 warn=00 typ=02 act=01 adr=000001DC
   194 000001F2 7C06                    jl	short $+08H ;err=00 warn=00 typ=02 act=01 adr=000001FA
   195 000001F4 7D04                    jnl	short $+06H ;err=00 warn=00 typ=02 act=01 adr=000001FA
   196 000001F6 7E02                    jle	short $+04H ;err=00 warn=00 typ=02 act=01 adr=000001FA
   197 000001F8 7F00                    jg	short $+02H ;err=00 warn=00 typ=02 act=01 adr=000001FA
   198 000001FA E405                    in	al, 05H ;err=00 warn=00 typ=04 act=00 adr=00000000
   199 000001FC 66E505                  in	ax, 05H ;err=00 warn=00 typ=04 act=00 adr=00000000
   200 000001FF E505                    in	eax,05H ;err=00 warn=00 typ=04 act=00 adr=00000000
   201 00000201 EC                      in	al, dx ;err=00 warn=00 typ=04 act=00 adr=00000000
   202 00000202 66ED                    in	ax, dx ;err=00 warn=00 typ=04 act=00 adr=00000000
   203 00000204 ED                      in	eax,dx ;err=00 warn=00 typ=04 act=00 adr=00000000
   204 00000205 E605                    out	05H,al  ;err=00 warn=00 typ=04 act=00 adr=00000000
   205 00000207 66E705                  out	05H,ax  ;err=00 warn=00 typ=04 act=00 adr=00000000
   206 0000020A E705                    out	05H,eax ;err=00 warn=00 typ=04 act=00 adr=00000000
   207 0000020C EE                      out	dx,al  ;err=00 warn=00 typ=04 act=00 adr=00000000
   208 0000020D 66EF                    out	dx,ax  ;err=00 warn=00 typ=04 act=00 adr=00000000
   209 0000020F EF                      out	dx,eax ;err=00 warn=00 typ=04 act=00 adr=00000000
   210 00000210 1408                    adc	al, 08H ;err=00 warn=00 typ=00 act=00 adr=00000000
   211 00000212 66150800                adc	ax, 08H ;err=00 warn=00 typ=00 act=00 adr=00000000
   212 00000216 1508000000              adc	eax,08H ;err=00 warn=00 typ=00 act=00 adr=00000000
   213 0000021B 0408                    add	al, 08H ;err=00 warn=00 typ=00 act=00 adr=00000000
   214 0000021D 2408                    and	al, 08H ;err=00 warn=00 typ=00 act=00 adr=00000000
   215 0000021F 3C08                    cmp	al, 08H ;err=00 warn=00 typ=00 act=00 adr=00000000
   216 00000221 0C08                    or	al, 08H ;err=00 warn=00 typ=00 act=00 adr=00000000
   217 00000223 69C308000000            imul	eax,ebx,08H ;err=00 warn=00 typ=00 act=00 adr=00000000
   218 00000229 698356341208080000-     imul	eax,dword [ebx+08123456H],08H ;err=00 warn=00 typ=00 act=10 adr=08123456
   219 00000232 00                 
   220 00000233 69430508000000          imul	eax,dword [ebx+05H],08H ;err=00 warn=00 typ=00 act=00 adr=00000000
   221 0000023A 690308000000            imul	eax,dword [ebx],08H ;err=00 warn=00 typ=00 act=00 adr=00000000
   222 00000240 6BC308                  imul	eax,ebx,byte 08H ;err=00 warn=00 typ=00 act=00 adr=00000000
   223 00000243 666BC308                imul	ax,bx,byte 08H ;err=00 warn=00 typ=00 act=00 adr=00000000
   224 00000247 6B835634120808          imul	eax,dword [ebx+08123456H],byte 08H ;err=00 warn=00 typ=00 act=10 adr=08123456
   225 0000024E 6B430508                imul	eax,dword [ebx+05H],byte 08H ;err=00 warn=00 typ=00 act=00 adr=00000000
   226 00000252 6B0308                  imul	eax,dword [ebx],byte 08H ;err=00 warn=00 typ=00 act=00 adr=00000000
   227 00000255 0FBFC3                  movsx	eax,bx ;err=00 warn=00 typ=00 act=00 adr=00000000
   228 00000258 0FB78356341208          movzx	eax,word [ebx+08123456H] ;err=00 warn=00 typ=00 act=08 adr=08123456
   229 0000025F 0FB74303                movzx	eax,word [ebx+03H] ;err=00 warn=00 typ=00 act=00 adr=00000000
   230 00000263 0FB703                  movzx	eax,word [ebx] ;err=00 warn=00 typ=00 act=00 adr=00000000
   231 00000266 0FBEC3                  movsx	eax,bl ;err=00 warn=00 typ=00 act=00 adr=00000000
   232 00000269 660FB6C3                movzx	ax,bl ;err=00 warn=00 typ=00 act=00 adr=00000000
   233 0000026D 0FB68356341208          movzx	eax,byte [ebx+08123456H] ;err=00 warn=00 typ=00 act=04 adr=08123456
   234 00000274 0FB64305                movzx	eax,byte [ebx+05H] ;err=00 warn=00 typ=00 act=00 adr=00000000
   235 00000278 0FBE03                  movsx	eax,byte [ebx] ;err=00 warn=00 typ=00 act=00 adr=00000000
   236 0000027B 660FBE03                movsx	ax,byte [ebx] ;err=00 warn=00 typ=00 act=00 adr=00000000
   237 0000027F 0FA4D802                shld	eax,ebx,02H ;err=00 warn=00 typ=00 act=00 adr=00000000
   238 00000283 0FA5D8                  shld	eax,ebx,cl ;err=00 warn=00 typ=00 act=00 adr=00000000
   239 00000286 0FACD802                shrd	eax,ebx,02H ;err=00 warn=00 typ=00 act=00 adr=00000000
   240 0000028A 0FADD8                  shrd	eax,ebx,cl ;err=00 warn=00 typ=00 act=00 adr=00000000
   241 0000028D 660FA4D802              shld	ax,bx,02H ;err=00 warn=00 typ=00 act=00 adr=00000000
   242 00000292 0FA4985634120802        shld	dword [eax+08123456H],ebx,02H ;err=00 warn=00 typ=00 act=10 adr=08123456
   243 0000029A 660FA4985634120802      shld	word [eax+08123456H],bx,02H ;err=00 warn=00 typ=00 act=08 adr=08123456
   244 000002A3 D3D0                    rcl	eax,cl ;err=00 warn=00 typ=00 act=00 adr=00000000
   245 000002A5 D3D3                    rcl	ebx,cl ;err=00 warn=00 typ=00 act=00 adr=00000000
   246 000002A7 66D3D3                  rcl	bx,cl ;err=00 warn=00 typ=00 act=00 adr=00000000
   247 000002AA D3DB                    rcr	ebx,cl ;err=00 warn=00 typ=00 act=00 adr=00000000
   248 000002AC D3C3                    rol	ebx,cl ;err=00 warn=00 typ=00 act=00 adr=00000000
   249 000002AE D3CB                    ror	ebx,cl ;err=00 warn=00 typ=00 act=00 adr=00000000
   250 000002B0 D3FB                    sar	ebx,cl ;err=00 warn=00 typ=00 act=00 adr=00000000
   251 000002B2 D3E3                    shl	ebx,cl ;err=00 warn=00 typ=00 act=00 adr=00000000
   252 000002B4 D3EB                    shr	ebx,cl ;err=00 warn=00 typ=00 act=00 adr=00000000
   253 000002B6 D2D0                    rcl	al,cl ;err=00 warn=00 typ=00 act=00 adr=00000000
   254 000002B8 D2D3                    rcl	bl,cl ;err=00 warn=00 typ=00 act=00 adr=00000000
   255 000002BA D2DB                    rcr	bl,cl ;err=00 warn=00 typ=00 act=00 adr=00000000
   256 000002BC D2C3                    rol	bl,cl ;err=00 warn=00 typ=00 act=00 adr=00000000
   257 000002BE D2CB                    ror	bl,cl ;err=00 warn=00 typ=00 act=00 adr=00000000
   258 000002C0 D2FB                    sar	bl,cl ;err=00 warn=00 typ=00 act=00 adr=00000000
   259 000002C2 D2E3                    shl	bl,cl ;err=00 warn=00 typ=00 act=00 adr=00000000
   260 000002C4 D2EB                    shr	bl,cl ;err=00 warn=00 typ=00 act=00 adr=00000000
   261 000002C6 D29056341208            rcl	byte [eax+08123456H],cl ;err=00 warn=00 typ=00 act=04 adr=08123456
   262 000002CC 81D356341208            adc	ebx,dword 08123456H ;err=00 warn=00 typ=00 act=20 adr=08123456
   263 000002D2 6681D33412              adc	bx,word 01234H ;err=00 warn=00 typ=00 act=00 adr=00000000
   264 000002D7 81C356341208            add	ebx,dword 08123456H ;err=00 warn=00 typ=00 act=20 adr=08123456
   265 000002DD 81C078563412            db 0081H,00C0H,0078H,0056H,0034H,0012H ;add	eax,dword 012345678H ;err=00 warn=01 typ=00 act=00 adr=12345678
   266 000002E3 6681C33412              add	bx,word 01234H ;err=00 warn=00 typ=00 act=00 adr=00000000
   267 000002E8 81E356341208            and	ebx,dword 08123456H ;err=00 warn=00 typ=00 act=20 adr=08123456
   268 000002EE 6681E33412              and	bx,word 01234H ;err=00 warn=00 typ=00 act=00 adr=00000000
   269 000002F3 81FB56341208            cmp	ebx,dword 08123456H ;err=00 warn=00 typ=00 act=20 adr=08123456
   270 000002F9 3D56341208              cmp	eax,08123456H ;err=00 warn=00 typ=00 act=00 adr=00000000
   271 000002FE BB56341208              mov	ebx,08123456H ;err=00 warn=00 typ=00 act=20 adr=08123456
   272 00000303 B856341208              mov	eax,08123456H ;err=00 warn=00 typ=00 act=20 adr=08123456
   273 00000308 C7C078563412            db 00C7H,00C0H,0078H,0056H,0034H,0012H ;mov	eax,dword 012345678H ;err=00 warn=01 typ=00 act=00 adr=12345678
   274 0000030E 81CB56341208            or	ebx,dword 08123456H ;err=00 warn=00 typ=00 act=20 adr=08123456
   275 00000314 81DB56341208            sbb	ebx,dword 08123456H ;err=00 warn=00 typ=00 act=20 adr=08123456
   276 0000031A 81EB56341208            sub	ebx,dword 08123456H ;err=00 warn=00 typ=00 act=20 adr=08123456
   277 00000320 F7C356341208            test	ebx,dword 08123456H ;err=00 warn=00 typ=00 act=20 adr=08123456
   278 00000326 81F356341208            xor	ebx,dword 08123456H ;err=00 warn=00 typ=00 act=20 adr=08123456
   279 0000032C 819056341208563412-     adc	dword [eax+08123456H],dword 08123456H ;err=00 warn=00 typ=00 act=30 adr=08123456
   280 00000335 08                 
   281 00000336 818056341208563412-     add	dword [eax+08123456H],dword 08123456H ;err=00 warn=00 typ=00 act=30 adr=08123456
   282 0000033F 08                 
   283 00000340 C78056341208563412-     mov	dword [eax+08123456H],dword 08123456H ;err=00 warn=00 typ=00 act=30 adr=08123456
   284 00000349 08                 
   285 0000034A 81400556341208          add	dword [eax+05H],dword 08123456H ;err=00 warn=00 typ=00 act=20 adr=08123456
   286 00000351 81410556341208          add	dword [ecx+05H],dword 08123456H ;err=00 warn=00 typ=00 act=20 adr=08123456
   287 00000358 F7400556341208          test	dword [eax+05H],dword 08123456H ;err=00 warn=00 typ=00 act=20 adr=08123456
   288 0000035F F7430556341208          test	dword [ebx+05H],dword 08123456H ;err=00 warn=00 typ=00 act=20 adr=08123456
   289 00000366 C7400556341208          mov	dword [eax+05H],dword 08123456H ;err=00 warn=00 typ=00 act=20 adr=08123456
   290 0000036D C7430556341208          mov	dword [ebx+05H],dword 08123456H ;err=00 warn=00 typ=00 act=20 adr=08123456
   291 00000374 810078563412            add	dword [eax],dword 012345678H ;err=00 warn=00 typ=00 act=00 adr=12345678
   292 0000037A 810056341208            add	dword [eax],dword 08123456H ;err=00 warn=00 typ=00 act=20 adr=08123456
   293 00000380 F70056341208            test	dword [eax],dword 08123456H ;err=00 warn=00 typ=00 act=20 adr=08123456
   294 00000386 C70056341208            mov	dword [eax],dword 08123456H ;err=00 warn=00 typ=00 act=20 adr=08123456
   295 0000038C 13C0                    db 0013H,00C0H ;adc	eax,eax ;err=00 warn=01 typ=00 act=00 adr=00000000
   296 0000038E 11CB                    adc	ebx,ecx ;err=00 warn=00 typ=00 act=00 adr=00000000
   297 00000390 6611CB                  adc	bx,cx ;err=00 warn=00 typ=00 act=00 adr=00000000
   298 00000393 03C0                    db 003H,00C0H ;add	eax,eax ;err=00 warn=01 typ=00 act=00 adr=00000000
   299 00000395 01CB                    add	ebx,ecx ;err=00 warn=00 typ=00 act=00 adr=00000000
   300 00000397 01C0                    add	eax,eax ;err=00 warn=00 typ=00 act=00 adr=00000000
   301 00000399 01C8                    add	eax,ecx ;err=00 warn=00 typ=00 act=00 adr=00000000
   302 0000039B 6601CB                  add	bx,cx ;err=00 warn=00 typ=00 act=00 adr=00000000
   303 0000039E 23C0                    db 0023H,00C0H ;and	eax,eax ;err=00 warn=01 typ=00 act=00 adr=00000000
   304 000003A0 21CB                    and	ebx,ecx ;err=00 warn=00 typ=00 act=00 adr=00000000
   305 000003A2 6621CB                  and	bx,cx ;err=00 warn=00 typ=00 act=00 adr=00000000
   306 000003A5 0FBCD9                  bsf	ebx,ecx ;err=00 warn=00 typ=00 act=00 adr=00000000
   307 000003A8 0FBDD9                  bsr	ebx,ecx ;err=00 warn=00 typ=00 act=00 adr=00000000
   308 000003AB 0F47D9                  cmova	ebx,ecx ;err=00 warn=00 typ=00 act=00 adr=00000000
   309 000003AE 0F42D9                  cmovc	ebx,ecx ;err=00 warn=00 typ=00 act=00 adr=00000000
   310 000003B1 0F44D9                  cmove	ebx,ecx ;err=00 warn=00 typ=00 act=00 adr=00000000
   311 000003B4 0F4FD9                  cmovg	ebx,ecx ;err=00 warn=00 typ=00 act=00 adr=00000000
   312 000003B7 0F4CD9                  cmovl	ebx,ecx ;err=00 warn=00 typ=00 act=00 adr=00000000
   313 000003BA 0F4ED9                  cmovle	ebx,ecx ;err=00 warn=00 typ=00 act=00 adr=00000000
   314 000003BD 0F46D9                  cmovna	ebx,ecx ;err=00 warn=00 typ=00 act=00 adr=00000000
   315 000003C0 0F43D9                  cmovnc	ebx,ecx ;err=00 warn=00 typ=00 act=00 adr=00000000
   316 000003C3 0F45D9                  cmovne	ebx,ecx ;err=00 warn=00 typ=00 act=00 adr=00000000
   317 000003C6 0F4DD9                  cmovnl	ebx,ecx ;err=00 warn=00 typ=00 act=00 adr=00000000
   318 000003C9 0F41D9                  cmovno	ebx,ecx ;err=00 warn=00 typ=00 act=00 adr=00000000
   319 000003CC 0F4BD9                  cmovnp	ebx,ecx ;err=00 warn=00 typ=00 act=00 adr=00000000
   320 000003CF 0F49D9                  cmovns	ebx,ecx ;err=00 warn=00 typ=00 act=00 adr=00000000
   321 000003D2 0F40D9                  cmovo	ebx,ecx ;err=00 warn=00 typ=00 act=00 adr=00000000
   322 000003D5 0F4AD9                  cmovp	ebx,ecx ;err=00 warn=00 typ=00 act=00 adr=00000000
   323 000003D8 0F48D9                  cmovs	ebx,ecx ;err=00 warn=00 typ=00 act=00 adr=00000000
   324 000003DB 39CB                    cmp	ebx,ecx ;err=00 warn=00 typ=00 act=00 adr=00000000
   325 000003DD 0FAFD9                  imul	ebx,ecx ;err=00 warn=00 typ=00 act=00 adr=00000000
   326 000003E0 0F02D9                  lar	ebx,ecx ;err=00 warn=00 typ=00 act=00 adr=00000000
   327 000003E3 8BC0                    db 008BH,00C0H ;mov	eax,eax ;err=00 warn=01 typ=00 act=00 adr=00000000
   328 000003E5 89CB                    mov	ebx,ecx ;err=00 warn=00 typ=00 act=00 adr=00000000
   329 000003E7 09CB                    or	ebx,ecx ;err=00 warn=00 typ=00 act=00 adr=00000000
   330 000003E9 19CB                    sbb	ebx,ecx ;err=00 warn=00 typ=00 act=00 adr=00000000
   331 000003EB 29CB                    sub	ebx,ecx ;err=00 warn=00 typ=00 act=00 adr=00000000
   332 000003ED 29C0                    sub	eax,eax ;err=00 warn=00 typ=00 act=00 adr=00000000
   333 000003EF 87D9                    xchg	ebx,ecx ;err=00 warn=00 typ=00 act=00 adr=00000000
   334 000003F1 31CB                    xor	ebx,ecx ;err=00 warn=00 typ=00 act=00 adr=00000000
   335 000003F3 138356341208            adc	eax,dword [ebx+08123456H] ;err=00 warn=00 typ=00 act=10 adr=08123456
   336 000003F9 139B56341208            adc	ebx,dword [ebx+08123456H] ;err=00 warn=00 typ=00 act=10 adr=08123456
   337 000003FF C59956341208            lds	ebx, [ecx+08123456H] ;err=00 warn=00 typ=00 act=10 adr=08123456
   338 00000405 C49956341208            les	ebx, [ecx+08123456H] ;err=00 warn=00 typ=00 act=10 adr=08123456
   339 0000040B 0FB49956341208          lfs	ebx, [ecx+08123456H] ;err=00 warn=00 typ=00 act=10 adr=08123456
   340 00000412 0FB59956341208          lgs	ebx, [ecx+08123456H] ;err=00 warn=00 typ=00 act=10 adr=08123456
   341 00000419 0F039956341208          lsl	ebx,dword [ecx+08123456H] ;err=00 warn=00 typ=00 act=10 adr=08123456
   342 00000420 0FB29956341208          lss	ebx, [ecx+08123456H] ;err=00 warn=00 typ=00 act=10 adr=08123456
   343 00000427 66C59956341208          lds	bx, [ecx+08123456H] ;err=00 warn=00 typ=00 act=08 adr=08123456
   344 0000042E 66C49956341208          les	bx, [ecx+08123456H] ;err=00 warn=00 typ=00 act=08 adr=08123456
   345 00000435 660FB49956341208        lfs	bx, [ecx+08123456H] ;err=00 warn=00 typ=00 act=08 adr=08123456
   346 0000043D 660FB59956341208        lgs	bx, [ecx+08123456H] ;err=00 warn=00 typ=00 act=08 adr=08123456
   347 00000445 660F039956341208        lsl	bx,word [ecx+08123456H] ;err=00 warn=00 typ=00 act=08 adr=08123456
   348 0000044D 660FB29956341208        lss	bx, [ecx+08123456H] ;err=00 warn=00 typ=00 act=08 adr=08123456
   349 00000455 8D8356341208            lea	eax, [ebx+08123456H] ;err=00 warn=00 typ=00 act=10 adr=08123456
   350 0000045B 668D8334120000          lea	ax, [ebx+01234H] ;err=00 warn=00 typ=00 act=08 adr=00001234
   351 00000462 628356341208            bound	eax, [ebx+08123456H] ;err=00 warn=00 typ=00 act=10 adr=08123456
   352 00000468 66628334120000          bound	ax, [ebx+01234H] ;err=00 warn=00 typ=00 act=08 adr=00001234
   353 0000046F 8D4305                  lea	eax, [ebx+05H] ;err=00 warn=00 typ=00 act=00 adr=00000000
   354 00000472 668D4305                lea	ax, [ebx+05H] ;err=00 warn=00 typ=00 act=00 adr=00000000
   355 00000476 66624305                bound	ax, [ebx+05H] ;err=00 warn=00 typ=00 act=00 adr=00000000
   356 0000047A 624305                  bound	eax, [ebx+05H] ;err=00 warn=00 typ=00 act=00 adr=00000000
   357 0000047D 0303                    add	eax,dword [ebx] ;err=00 warn=00 typ=00 act=00 adr=00000000
   358 0000047F 0318                    add	ebx,dword [eax] ;err=00 warn=00 typ=00 act=00 adr=00000000
   359 00000481 1319                    adc	ebx,dword [ecx] ;err=00 warn=00 typ=00 act=00 adr=00000000
   360 00000483 661319                  adc	bx,word [ecx] ;err=00 warn=00 typ=00 act=00 adr=00000000
   361 00000486 0319                    add	ebx,dword [ecx] ;err=00 warn=00 typ=00 act=00 adr=00000000
   362 00000488 2319                    and	ebx,dword [ecx] ;err=00 warn=00 typ=00 act=00 adr=00000000
   363 0000048A 0FBC19                  bsf	ebx,dword [ecx] ;err=00 warn=00 typ=00 act=00 adr=00000000
   364 0000048D 0FBD19                  bsr	ebx,dword [ecx] ;err=00 warn=00 typ=00 act=00 adr=00000000
   365 00000490 0F4719                  cmova	ebx,dword [ecx] ;err=00 warn=00 typ=00 act=00 adr=00000000
   366 00000493 0F4219                  cmovc	ebx,dword [ecx] ;err=00 warn=00 typ=00 act=00 adr=00000000
   367 00000496 0F4419                  cmove	ebx,dword [ecx] ;err=00 warn=00 typ=00 act=00 adr=00000000
   368 00000499 0F4F19                  cmovg	ebx,dword [ecx] ;err=00 warn=00 typ=00 act=00 adr=00000000
   369 0000049C 0F4C19                  cmovl	ebx,dword [ecx] ;err=00 warn=00 typ=00 act=00 adr=00000000
   370 0000049F 0F4E19                  cmovle	ebx,dword [ecx] ;err=00 warn=00 typ=00 act=00 adr=00000000
   371 000004A2 3B19                    cmp	ebx,dword [ecx] ;err=00 warn=00 typ=00 act=00 adr=00000000
   372 000004A4 0FAF19                  imul	ebx,dword [ecx] ;err=00 warn=00 typ=00 act=00 adr=00000000
   373 000004A7 0F0219                  lar	ebx,dword [ecx] ;err=00 warn=00 typ=00 act=00 adr=00000000
   374 000004AA C519                    lds	ebx, [ecx] ;err=00 warn=00 typ=00 act=00 adr=00000000
   375 000004AC 8B19                    mov	ebx,dword [ecx] ;err=00 warn=00 typ=00 act=00 adr=00000000
   376 000004AE 0B19                    or	ebx,dword [ecx] ;err=00 warn=00 typ=00 act=00 adr=00000000
   377 000004B0 1B19                    sbb	ebx,dword [ecx] ;err=00 warn=00 typ=00 act=00 adr=00000000
   378 000004B2 2B19                    sub	ebx,dword [ecx] ;err=00 warn=00 typ=00 act=00 adr=00000000
   379 000004B4 8719                    xchg	ebx,dword [ecx] ;err=00 warn=00 typ=00 act=00 adr=00000000
   380 000004B6 3319                    xor	ebx,dword [ecx] ;err=00 warn=00 typ=00 act=00 adr=00000000
   381 000004B8 8D03                    lea	eax, [ebx] ;err=00 warn=00 typ=00 act=00 adr=00000000
   382 000004BA 8D36                    lea	esi, [esi] ;err=00 warn=00 typ=00 act=00 adr=00000000
   383 000004BC 668D03                  lea	ax, [ebx] ;err=00 warn=00 typ=00 act=00 adr=00000000
   384 000004BF 6203                    bound	eax, [ebx] ;err=00 warn=00 typ=00 act=00 adr=00000000
   385 000004C1 666203                  bound	ax, [ebx] ;err=00 warn=00 typ=00 act=00 adr=00000000
   386 000004C4 12C0                    db 0012H,00C0H ;adc	al,al ;err=00 warn=01 typ=00 act=00 adr=00000000
   387 000004C6 10CB                    adc	bl,cl ;err=00 warn=00 typ=00 act=00 adr=00000000
   388 000004C8 10C0                    adc	al,al ;err=00 warn=00 typ=00 act=00 adr=00000000
   389 000004CA 02C0                    db 002H,00C0H ;add	al,al ;err=00 warn=01 typ=00 act=00 adr=00000000
   390 000004CC 00C8                    add	al,cl ;err=00 warn=00 typ=00 act=00 adr=00000000
   391 000004CE 00C0                    add	al,al ;err=00 warn=00 typ=00 act=00 adr=00000000
   392 000004D0 00C8                    add	al,cl ;err=00 warn=00 typ=00 act=00 adr=00000000
   393 000004D2 20C8                    and	al,cl ;err=00 warn=00 typ=00 act=00 adr=00000000
   394 000004D4 38C8                    cmp	al,cl ;err=00 warn=00 typ=00 act=00 adr=00000000
   395 000004D6 88C8                    mov	al,cl ;err=00 warn=00 typ=00 act=00 adr=00000000
   396 000004D8 08C8                    or	al,cl ;err=00 warn=00 typ=00 act=00 adr=00000000
   397 000004DA 18C8                    sbb	al,cl ;err=00 warn=00 typ=00 act=00 adr=00000000
   398 000004DC 28C8                    sub	al,cl ;err=00 warn=00 typ=00 act=00 adr=00000000
   399 000004DE 86C1                    xchg	al,cl ;err=00 warn=00 typ=00 act=00 adr=00000000
   400 000004E0 30C8                    xor	al,cl ;err=00 warn=00 typ=00 act=00 adr=00000000
   401 000004E2 121D56341208            adc	bl,byte [08123456H] ;err=00 warn=00 typ=00 act=04 adr=08123456
   402 000004E8 129A56341208            adc	bl,byte [edx+08123456H] ;err=00 warn=00 typ=00 act=04 adr=08123456
   403 000004EE 029A56341208            add	bl,byte [edx+08123456H] ;err=00 warn=00 typ=00 act=04 adr=08123456
   404 000004F4 229A56341208            and	bl,byte [edx+08123456H] ;err=00 warn=00 typ=00 act=04 adr=08123456
   405 000004FA 3A9A56341208            cmp	bl,byte [edx+08123456H] ;err=00 warn=00 typ=00 act=04 adr=08123456
   406 00000500 8A9A56341208            mov	bl,byte [edx+08123456H] ;err=00 warn=00 typ=00 act=04 adr=08123456
   407 00000506 0A9A56341208            or	bl,byte [edx+08123456H] ;err=00 warn=00 typ=00 act=04 adr=08123456
   408 0000050C 1A9A56341208            sbb	bl,byte [edx+08123456H] ;err=00 warn=00 typ=00 act=04 adr=08123456
   409 00000512 2A9A56341208            sub	bl,byte [edx+08123456H] ;err=00 warn=00 typ=00 act=04 adr=08123456
   410 00000518 869A56341208            xchg	bl,byte [edx+08123456H] ;err=00 warn=00 typ=00 act=04 adr=08123456
   411 0000051E 329B56341208            xor	bl,byte [ebx+08123456H] ;err=00 warn=00 typ=00 act=04 adr=08123456
   412 00000524 125A12                  adc	bl,byte [edx+012H] ;err=00 warn=00 typ=00 act=00 adr=00000000
   413 00000527 025A12                  add	bl,byte [edx+012H] ;err=00 warn=00 typ=00 act=00 adr=00000000
   414 0000052A 225A12                  and	bl,byte [edx+012H] ;err=00 warn=00 typ=00 act=00 adr=00000000
   415 0000052D 3A5A12                  cmp	bl,byte [edx+012H] ;err=00 warn=00 typ=00 act=00 adr=00000000
   416 00000530 8A5A12                  mov	bl,byte [edx+012H] ;err=00 warn=00 typ=00 act=00 adr=00000000
   417 00000533 0A5A12                  or	bl,byte [edx+012H] ;err=00 warn=00 typ=00 act=00 adr=00000000
   418 00000536 1A5A12                  sbb	bl,byte [edx+012H] ;err=00 warn=00 typ=00 act=00 adr=00000000
   419 00000539 2A5A12                  sub	bl,byte [edx+012H] ;err=00 warn=00 typ=00 act=00 adr=00000000
   420 0000053C 865A12                  xchg	bl,byte [edx+012H] ;err=00 warn=00 typ=00 act=00 adr=00000000
   421 0000053F 325B12                  xor	bl,byte [ebx+012H] ;err=00 warn=00 typ=00 act=00 adr=00000000
   422 00000542 121A                    adc	bl,byte [edx] ;err=00 warn=00 typ=00 act=00 adr=00000000
   423 00000544 021A                    add	bl,byte [edx] ;err=00 warn=00 typ=00 act=00 adr=00000000
   424 00000546 221A                    and	bl,byte [edx] ;err=00 warn=00 typ=00 act=00 adr=00000000
   425 00000548 3A1A                    cmp	bl,byte [edx] ;err=00 warn=00 typ=00 act=00 adr=00000000
   426 0000054A 8A1A                    mov	bl,byte [edx] ;err=00 warn=00 typ=00 act=00 adr=00000000
   427 0000054C 0A1A                    or	bl,byte [edx] ;err=00 warn=00 typ=00 act=00 adr=00000000
   428 0000054E 1A1A                    sbb	bl,byte [edx] ;err=00 warn=00 typ=00 act=00 adr=00000000
   429 00000550 2A1A                    sub	bl,byte [edx] ;err=00 warn=00 typ=00 act=00 adr=00000000
   430 00000552 861A                    xchg	bl,byte [edx] ;err=00 warn=00 typ=00 act=00 adr=00000000
   431 00000554 321B                    xor	bl,byte [ebx] ;err=00 warn=00 typ=00 act=00 adr=00000000
   432 00000556 11DB                    adc	ebx,ebx ;err=00 warn=00 typ=00 act=00 adr=00000000
   433 00000558 6611DB                  adc	bx,bx ;err=00 warn=00 typ=00 act=00 adr=00000000
   434 0000055B 6611CB                  adc	bx,cx ;err=00 warn=00 typ=00 act=00 adr=00000000
   435 0000055E 11C0                    adc	eax,eax ;err=00 warn=00 typ=00 act=00 adr=00000000
   436 00000560 01CB                    add	ebx,ecx ;err=00 warn=00 typ=00 act=00 adr=00000000
   437 00000562 01C0                    add	eax,eax ;err=00 warn=00 typ=00 act=00 adr=00000000
   438 00000564 21CB                    and	ebx,ecx ;err=00 warn=00 typ=00 act=00 adr=00000000
   439 00000566 0FA3CB                  bt	ebx,ecx ;err=00 warn=00 typ=00 act=00 adr=00000000
   440 00000569 0FBBCB                  btc	ebx,ecx ;err=00 warn=00 typ=00 act=00 adr=00000000
   441 0000056C 660FBBCB                btc	bx,cx ;err=00 warn=00 typ=00 act=00 adr=00000000
   442 00000570 0FB3CB                  btr	ebx,ecx ;err=00 warn=00 typ=00 act=00 adr=00000000
   443 00000573 0FABCB                  bts	ebx,ecx ;err=00 warn=00 typ=00 act=00 adr=00000000
   444 00000576 39CB                    cmp	ebx,ecx ;err=00 warn=00 typ=00 act=00 adr=00000000
   445 00000578 0FB1CB                  cmpxchg	ebx,ecx ;err=00 warn=00 typ=00 act=00 adr=00000000
   446 0000057B 89CB                    mov	ebx,ecx ;err=00 warn=00 typ=00 act=00 adr=00000000
   447 0000057D 09CB                    or	ebx,ecx ;err=00 warn=00 typ=00 act=00 adr=00000000
   448 0000057F 19CB                    sbb	ebx,ecx ;err=00 warn=00 typ=00 act=00 adr=00000000
   449 00000581 29CB                    sub	ebx,ecx ;err=00 warn=00 typ=00 act=00 adr=00000000
   450 00000583 85CB                    test	ebx,ecx ;err=00 warn=00 typ=00 act=00 adr=00000000
   451 00000585 0FC1CB                  xadd	ebx,ecx ;err=00 warn=00 typ=00 act=00 adr=00000000
   452 00000588 31CB                    xor	ebx,ecx ;err=00 warn=00 typ=00 act=00 adr=00000000
   453 0000058A 111D56341208            adc	dword [08123456H],ebx ;err=00 warn=00 typ=00 act=10 adr=08123456
   454 00000590 119A56341208            adc	dword [edx+08123456H],ebx ;err=00 warn=00 typ=00 act=10 adr=08123456
   455 00000596 66111D56341208          adc	word [08123456H],bx ;err=00 warn=00 typ=00 act=08 adr=08123456
   456 0000059D 111D12000000            adc	dword [012H],ebx ;err=00 warn=00 typ=00 act=10 adr=00000012
   457 000005A3 115A12                  adc	dword [edx+012H],ebx ;err=00 warn=00 typ=00 act=00 adr=00000000
   458 000005A6 1113                    adc	dword [ebx],edx ;err=00 warn=00 typ=00 act=00 adr=00000000
   459 000005A8 661113                  adc	word [ebx],dx ;err=00 warn=00 typ=00 act=00 adr=00000000
   460 000005AB 10CB                    adc	bl,cl ;err=00 warn=00 typ=00 act=00 adr=00000000
   461 000005AD 10C0                    adc	al,al ;err=00 warn=00 typ=00 act=00 adr=00000000
   462 000005AF 00CB                    add	bl,cl ;err=00 warn=00 typ=00 act=00 adr=00000000
   463 000005B1 00C0                    add	al,al ;err=00 warn=00 typ=00 act=00 adr=00000000
   464 000005B3 20CB                    and	bl,cl ;err=00 warn=00 typ=00 act=00 adr=00000000
   465 000005B5 38CB                    cmp	bl,cl ;err=00 warn=00 typ=00 act=00 adr=00000000
   466 000005B7 0FB0CB                  cmpxchg	bl,cl ;err=00 warn=00 typ=00 act=00 adr=00000000
   467 000005BA 88CB                    mov	bl,cl ;err=00 warn=00 typ=00 act=00 adr=00000000
   468 000005BC 08CB                    or	bl,cl ;err=00 warn=00 typ=00 act=00 adr=00000000
   469 000005BE 18CB                    sbb	bl,cl ;err=00 warn=00 typ=00 act=00 adr=00000000
   470 000005C0 28CB                    sub	bl,cl ;err=00 warn=00 typ=00 act=00 adr=00000000
   471 000005C2 84CB                    test	bl,cl ;err=00 warn=00 typ=00 act=00 adr=00000000
   472 000005C4 0FC0CB                  xadd	bl,cl ;err=00 warn=00 typ=00 act=00 adr=00000000
   473 000005C7 30CB                    xor	bl,cl ;err=00 warn=00 typ=00 act=00 adr=00000000
   474 000005C9 108B56341208            adc	byte [ebx+08123456H],cl ;err=00 warn=00 typ=00 act=04 adr=08123456
   475 000005CF 100D56341208            adc	byte [08123456H],cl ;err=00 warn=00 typ=00 act=04 adr=08123456
   476 000005D5 104B05                  adc	byte [ebx+05H],cl ;err=00 warn=00 typ=00 act=00 adr=00000000
   477 000005D8 100B                    adc	byte [ebx],cl ;err=00 warn=00 typ=00 act=00 adr=00000000
   478 000005DA 8A9A56341208            mov	bl,byte [edx+08123456H] ;err=00 warn=00 typ=00 act=04 adr=08123456
   479 000005E0 3AC0                    db 003AH,00C0H ;cmp	al,al ;err=00 warn=01 typ=00 act=00 adr=00000000
   480 000005E2 12C0                    db 0012H,00C0H ;adc	al,al ;err=00 warn=01 typ=00 act=00 adr=00000000
   481 000005E4 02C0                    db 002H,00C0H ;add	al,al ;err=00 warn=01 typ=00 act=00 adr=00000000
   482 000005E6 22C0                    db 0022H,00C0H ;and	al,al ;err=00 warn=01 typ=00 act=00 adr=00000000
   483 000005E8 0AC0                    db 00AH,00C0H ;or	al,al ;err=00 warn=01 typ=00 act=00 adr=00000000
   484 000005EA 1AC0                    db 001AH,00C0H ;sbb	al,al ;err=00 warn=01 typ=00 act=00 adr=00000000
   485 000005EC 2AC0                    db 002AH,00C0H ;sub	al,al ;err=00 warn=01 typ=00 act=00 adr=00000000
   486 000005EE 86C0                    xchg	al,al ;err=00 warn=00 typ=00 act=00 adr=00000000
   487 000005F0 32C0                    db 0032H,00C0H ;xor	al,al ;err=00 warn=01 typ=00 act=00 adr=00000000
   488 000005F2 00C8                    add	al,cl ;err=00 warn=00 typ=00 act=00 adr=00000000
   489 000005F4 00C0                    add	al,al ;err=00 warn=00 typ=00 act=00 adr=00000000
   490 000005F6 00C8                    add	al,cl ;err=00 warn=00 typ=00 act=00 adr=00000000
   491 000005F8 20C8                    and	al,cl ;err=00 warn=00 typ=00 act=00 adr=00000000
   492 000005FA 38C8                    cmp	al,cl ;err=00 warn=00 typ=00 act=00 adr=00000000
   493 000005FC 88C8                    mov	al,cl ;err=00 warn=00 typ=00 act=00 adr=00000000
   494 000005FE 08C8                    or	al,cl ;err=00 warn=00 typ=00 act=00 adr=00000000
   495 00000600 18C8                    sbb	al,cl ;err=00 warn=00 typ=00 act=00 adr=00000000
   496 00000602 28C8                    sub	al,cl ;err=00 warn=00 typ=00 act=00 adr=00000000
   497 00000604 86C1                    xchg	al,cl ;err=00 warn=00 typ=00 act=00 adr=00000000
   498 00000606 30C8                    xor	al,cl ;err=00 warn=00 typ=00 act=00 adr=00000000
   499 00000608 121D56341208            adc	bl,byte [08123456H] ;err=00 warn=00 typ=00 act=04 adr=08123456
   500 0000060E 129A56341208            adc	bl,byte [edx+08123456H] ;err=00 warn=00 typ=00 act=04 adr=08123456
   501 00000614 029A56341208            add	bl,byte [edx+08123456H] ;err=00 warn=00 typ=00 act=04 adr=08123456
   502 0000061A 229A56341208            and	bl,byte [edx+08123456H] ;err=00 warn=00 typ=00 act=04 adr=08123456
   503 00000620 3A9A56341208            cmp	bl,byte [edx+08123456H] ;err=00 warn=00 typ=00 act=04 adr=08123456
   504 00000626 8A9A56341208            mov	bl,byte [edx+08123456H] ;err=00 warn=00 typ=00 act=04 adr=08123456
   505 0000062C 0A9A56341208            or	bl,byte [edx+08123456H] ;err=00 warn=00 typ=00 act=04 adr=08123456
   506 00000632 1A9A56341208            sbb	bl,byte [edx+08123456H] ;err=00 warn=00 typ=00 act=04 adr=08123456
   507 00000638 2A9A56341208            sub	bl,byte [edx+08123456H] ;err=00 warn=00 typ=00 act=04 adr=08123456
   508 0000063E 869A56341208            xchg	bl,byte [edx+08123456H] ;err=00 warn=00 typ=00 act=04 adr=08123456
   509 00000644 329B56341208            xor	bl,byte [ebx+08123456H] ;err=00 warn=00 typ=00 act=04 adr=08123456
   510 0000064A 125A12                  adc	bl,byte [edx+012H] ;err=00 warn=00 typ=00 act=00 adr=00000000
   511 0000064D 025A12                  add	bl,byte [edx+012H] ;err=00 warn=00 typ=00 act=00 adr=00000000
   512 00000650 225A12                  and	bl,byte [edx+012H] ;err=00 warn=00 typ=00 act=00 adr=00000000
   513 00000653 3A5A12                  cmp	bl,byte [edx+012H] ;err=00 warn=00 typ=00 act=00 adr=00000000
   514 00000656 8A5A12                  mov	bl,byte [edx+012H] ;err=00 warn=00 typ=00 act=00 adr=00000000
   515 00000659 0A5A12                  or	bl,byte [edx+012H] ;err=00 warn=00 typ=00 act=00 adr=00000000
   516 0000065C 1A5A12                  sbb	bl,byte [edx+012H] ;err=00 warn=00 typ=00 act=00 adr=00000000
   517 0000065F 2A5A12                  sub	bl,byte [edx+012H] ;err=00 warn=00 typ=00 act=00 adr=00000000
   518 00000662 865A12                  xchg	bl,byte [edx+012H] ;err=00 warn=00 typ=00 act=00 adr=00000000
   519 00000665 325B12                  xor	bl,byte [ebx+012H] ;err=00 warn=00 typ=00 act=00 adr=00000000
   520 00000668 121A                    adc	bl,byte [edx] ;err=00 warn=00 typ=00 act=00 adr=00000000
   521 0000066A 021A                    add	bl,byte [edx] ;err=00 warn=00 typ=00 act=00 adr=00000000
   522 0000066C 221A                    and	bl,byte [edx] ;err=00 warn=00 typ=00 act=00 adr=00000000
   523 0000066E 3A1A                    cmp	bl,byte [edx] ;err=00 warn=00 typ=00 act=00 adr=00000000
   524 00000670 8A1A                    mov	bl,byte [edx] ;err=00 warn=00 typ=00 act=00 adr=00000000
   525 00000672 0A1A                    or	bl,byte [edx] ;err=00 warn=00 typ=00 act=00 adr=00000000
   526 00000674 1A1A                    sbb	bl,byte [edx] ;err=00 warn=00 typ=00 act=00 adr=00000000
   527 00000676 2A1A                    sub	bl,byte [edx] ;err=00 warn=00 typ=00 act=00 adr=00000000
   528 00000678 861A                    xchg	bl,byte [edx] ;err=00 warn=00 typ=00 act=00 adr=00000000
   529 0000067A 321B                    xor	bl,byte [ebx] ;err=00 warn=00 typ=00 act=00 adr=00000000
   530 0000067C 13C0                    db 0013H,00C0H ;adc	eax,eax ;err=00 warn=01 typ=00 act=00 adr=00000000
   531 0000067E 11CB                    adc	ebx,ecx ;err=00 warn=00 typ=00 act=00 adr=00000000
   532 00000680 6611CB                  adc	bx,cx ;err=00 warn=00 typ=00 act=00 adr=00000000
   533 00000683 03C0                    db 003H,00C0H ;add	eax,eax ;err=00 warn=01 typ=00 act=00 adr=00000000
   534 00000685 01CB                    add	ebx,ecx ;err=00 warn=00 typ=00 act=00 adr=00000000
   535 00000687 01C0                    add	eax,eax ;err=00 warn=00 typ=00 act=00 adr=00000000
   536 00000689 01C8                    add	eax,ecx ;err=00 warn=00 typ=00 act=00 adr=00000000
   537 0000068B 6601CB                  add	bx,cx ;err=00 warn=00 typ=00 act=00 adr=00000000
   538 0000068E 23C0                    db 0023H,00C0H ;and	eax,eax ;err=00 warn=01 typ=00 act=00 adr=00000000
   539 00000690 21CB                    and	ebx,ecx ;err=00 warn=00 typ=00 act=00 adr=00000000
   540 00000692 6621CB                  and	bx,cx ;err=00 warn=00 typ=00 act=00 adr=00000000
   541 00000695 0FBCD9                  bsf	ebx,ecx ;err=00 warn=00 typ=00 act=00 adr=00000000
   542 00000698 0FBDD9                  bsr	ebx,ecx ;err=00 warn=00 typ=00 act=00 adr=00000000
   543 0000069B 0F47D9                  cmova	ebx,ecx ;err=00 warn=00 typ=00 act=00 adr=00000000
   544 0000069E 0F42D9                  cmovc	ebx,ecx ;err=00 warn=00 typ=00 act=00 adr=00000000
   545 000006A1 0F44D9                  cmove	ebx,ecx ;err=00 warn=00 typ=00 act=00 adr=00000000
   546 000006A4 0F4FD9                  cmovg	ebx,ecx ;err=00 warn=00 typ=00 act=00 adr=00000000
   547 000006A7 0F4CD9                  cmovl	ebx,ecx ;err=00 warn=00 typ=00 act=00 adr=00000000
   548 000006AA 0F4ED9                  cmovle	ebx,ecx ;err=00 warn=00 typ=00 act=00 adr=00000000
   549 000006AD 0F46D9                  cmovna	ebx,ecx ;err=00 warn=00 typ=00 act=00 adr=00000000
   550 000006B0 0F43D9                  cmovnc	ebx,ecx ;err=00 warn=00 typ=00 act=00 adr=00000000
   551 000006B3 0F45D9                  cmovne	ebx,ecx ;err=00 warn=00 typ=00 act=00 adr=00000000
   552 000006B6 0F4DD9                  cmovnl	ebx,ecx ;err=00 warn=00 typ=00 act=00 adr=00000000
   553 000006B9 0F41D9                  cmovno	ebx,ecx ;err=00 warn=00 typ=00 act=00 adr=00000000
   554 000006BC 0F4BD9                  cmovnp	ebx,ecx ;err=00 warn=00 typ=00 act=00 adr=00000000
   555 000006BF 0F49D9                  cmovns	ebx,ecx ;err=00 warn=00 typ=00 act=00 adr=00000000
   556 000006C2 0F40D9                  cmovo	ebx,ecx ;err=00 warn=00 typ=00 act=00 adr=00000000
   557 000006C5 0F4AD9                  cmovp	ebx,ecx ;err=00 warn=00 typ=00 act=00 adr=00000000
   558 000006C8 0F48D9                  cmovs	ebx,ecx ;err=00 warn=00 typ=00 act=00 adr=00000000
   559 000006CB 39CB                    cmp	ebx,ecx ;err=00 warn=00 typ=00 act=00 adr=00000000
   560 000006CD 0FAFD9                  imul	ebx,ecx ;err=00 warn=00 typ=00 act=00 adr=00000000
   561 000006D0 0F02D9                  lar	ebx,ecx ;err=00 warn=00 typ=00 act=00 adr=00000000
   562 000006D3 8BC0                    db 008BH,00C0H ;mov	eax,eax ;err=00 warn=01 typ=00 act=00 adr=00000000
   563 000006D5 89CB                    mov	ebx,ecx ;err=00 warn=00 typ=00 act=00 adr=00000000
   564 000006D7 09CB                    or	ebx,ecx ;err=00 warn=00 typ=00 act=00 adr=00000000
   565 000006D9 19CB                    sbb	ebx,ecx ;err=00 warn=00 typ=00 act=00 adr=00000000
   566 000006DB 29CB                    sub	ebx,ecx ;err=00 warn=00 typ=00 act=00 adr=00000000
   567 000006DD 29C0                    sub	eax,eax ;err=00 warn=00 typ=00 act=00 adr=00000000
   568 000006DF 87D9                    xchg	ebx,ecx ;err=00 warn=00 typ=00 act=00 adr=00000000
   569 000006E1 31CB                    xor	ebx,ecx ;err=00 warn=00 typ=00 act=00 adr=00000000
   570 000006E3 138356341208            adc	eax,dword [ebx+08123456H] ;err=00 warn=00 typ=00 act=10 adr=08123456
   571 000006E9 139B56341208            adc	ebx,dword [ebx+08123456H] ;err=00 warn=00 typ=00 act=10 adr=08123456
   572 000006EF C59956341208            lds	ebx, [ecx+08123456H] ;err=00 warn=00 typ=00 act=10 adr=08123456
   573 000006F5 C49956341208            les	ebx, [ecx+08123456H] ;err=00 warn=00 typ=00 act=10 adr=08123456
   574 000006FB 0FB49956341208          lfs	ebx, [ecx+08123456H] ;err=00 warn=00 typ=00 act=10 adr=08123456
   575 00000702 0FB59956341208          lgs	ebx, [ecx+08123456H] ;err=00 warn=00 typ=00 act=10 adr=08123456
   576 00000709 0F039956341208          lsl	ebx,dword [ecx+08123456H] ;err=00 warn=00 typ=00 act=10 adr=08123456
   577 00000710 0FB29956341208          lss	ebx, [ecx+08123456H] ;err=00 warn=00 typ=00 act=10 adr=08123456
   578 00000717 66C59956341208          lds	bx, [ecx+08123456H] ;err=00 warn=00 typ=00 act=08 adr=08123456
   579 0000071E 66C49956341208          les	bx, [ecx+08123456H] ;err=00 warn=00 typ=00 act=08 adr=08123456
   580 00000725 660FB49956341208        lfs	bx, [ecx+08123456H] ;err=00 warn=00 typ=00 act=08 adr=08123456
   581 0000072D 660FB59956341208        lgs	bx, [ecx+08123456H] ;err=00 warn=00 typ=00 act=08 adr=08123456
   582 00000735 660F039956341208        lsl	bx,word [ecx+08123456H] ;err=00 warn=00 typ=00 act=08 adr=08123456
   583 0000073D 660FB29956341208        lss	bx, [ecx+08123456H] ;err=00 warn=00 typ=00 act=08 adr=08123456
   584 00000745 8D8356341208            lea	eax, [ebx+08123456H] ;err=00 warn=00 typ=00 act=10 adr=08123456
   585 0000074B 668D8334120000          lea	ax, [ebx+01234H] ;err=00 warn=00 typ=00 act=08 adr=00001234
   586 00000752 628356341208            bound	eax, [ebx+08123456H] ;err=00 warn=00 typ=00 act=10 adr=08123456
   587 00000758 66628334120000          bound	ax, [ebx+01234H] ;err=00 warn=00 typ=00 act=08 adr=00001234
   588 0000075F 8D4305                  lea	eax, [ebx+05H] ;err=00 warn=00 typ=00 act=00 adr=00000000
   589 00000762 668D4305                lea	ax, [ebx+05H] ;err=00 warn=00 typ=00 act=00 adr=00000000
   590 00000766 66624305                bound	ax, [ebx+05H] ;err=00 warn=00 typ=00 act=00 adr=00000000
   591 0000076A 624305                  bound	eax, [ebx+05H] ;err=00 warn=00 typ=00 act=00 adr=00000000
   592 0000076D 0303                    add	eax,dword [ebx] ;err=00 warn=00 typ=00 act=00 adr=00000000
   593 0000076F 0318                    add	ebx,dword [eax] ;err=00 warn=00 typ=00 act=00 adr=00000000
   594 00000771 1319                    adc	ebx,dword [ecx] ;err=00 warn=00 typ=00 act=00 adr=00000000
   595 00000773 661319                  adc	bx,word [ecx] ;err=00 warn=00 typ=00 act=00 adr=00000000
   596 00000776 0319                    add	ebx,dword [ecx] ;err=00 warn=00 typ=00 act=00 adr=00000000
   597 00000778 2319                    and	ebx,dword [ecx] ;err=00 warn=00 typ=00 act=00 adr=00000000
   598 0000077A 0FBC19                  bsf	ebx,dword [ecx] ;err=00 warn=00 typ=00 act=00 adr=00000000
   599 0000077D 0FBD19                  bsr	ebx,dword [ecx] ;err=00 warn=00 typ=00 act=00 adr=00000000
   600 00000780 0F4719                  cmova	ebx,dword [ecx] ;err=00 warn=00 typ=00 act=00 adr=00000000
   601 00000783 0F4219                  cmovc	ebx,dword [ecx] ;err=00 warn=00 typ=00 act=00 adr=00000000
   602 00000786 0F4419                  cmove	ebx,dword [ecx] ;err=00 warn=00 typ=00 act=00 adr=00000000
   603 00000789 0F4F19                  cmovg	ebx,dword [ecx] ;err=00 warn=00 typ=00 act=00 adr=00000000
   604 0000078C 0F4C19                  cmovl	ebx,dword [ecx] ;err=00 warn=00 typ=00 act=00 adr=00000000
   605 0000078F 0F4E19                  cmovle	ebx,dword [ecx] ;err=00 warn=00 typ=00 act=00 adr=00000000
   606 00000792 3B19                    cmp	ebx,dword [ecx] ;err=00 warn=00 typ=00 act=00 adr=00000000
   607 00000794 0FAF19                  imul	ebx,dword [ecx] ;err=00 warn=00 typ=00 act=00 adr=00000000
   608 00000797 0F0219                  lar	ebx,dword [ecx] ;err=00 warn=00 typ=00 act=00 adr=00000000
   609 0000079A C519                    lds	ebx, [ecx] ;err=00 warn=00 typ=00 act=00 adr=00000000
   610 0000079C 8B19                    mov	ebx,dword [ecx] ;err=00 warn=00 typ=00 act=00 adr=00000000
   611 0000079E 0B19                    or	ebx,dword [ecx] ;err=00 warn=00 typ=00 act=00 adr=00000000
   612 000007A0 1B19                    sbb	ebx,dword [ecx] ;err=00 warn=00 typ=00 act=00 adr=00000000
   613 000007A2 2B19                    sub	ebx,dword [ecx] ;err=00 warn=00 typ=00 act=00 adr=00000000
   614 000007A4 8719                    xchg	ebx,dword [ecx] ;err=00 warn=00 typ=00 act=00 adr=00000000
   615 000007A6 3319                    xor	ebx,dword [ecx] ;err=00 warn=00 typ=00 act=00 adr=00000000
   616 000007A8 8D03                    lea	eax, [ebx] ;err=00 warn=00 typ=00 act=00 adr=00000000
   617 000007AA 8D36                    lea	esi, [esi] ;err=00 warn=00 typ=00 act=00 adr=00000000
   618 000007AC 668D03                  lea	ax, [ebx] ;err=00 warn=00 typ=00 act=00 adr=00000000
   619 000007AF 6203                    bound	eax, [ebx] ;err=00 warn=00 typ=00 act=00 adr=00000000
   620 000007B1 666203                  bound	ax, [ebx] ;err=00 warn=00 typ=00 act=00 adr=00000000
   621 000007B4 10CB                    adc	bl,cl ;err=00 warn=00 typ=00 act=00 adr=00000000
   622 000007B6 10C0                    adc	al,al ;err=00 warn=00 typ=00 act=00 adr=00000000
   623 000007B8 00CB                    add	bl,cl ;err=00 warn=00 typ=00 act=00 adr=00000000
   624 000007BA 00C0                    add	al,al ;err=00 warn=00 typ=00 act=00 adr=00000000
   625 000007BC 20CB                    and	bl,cl ;err=00 warn=00 typ=00 act=00 adr=00000000
   626 000007BE 38CB                    cmp	bl,cl ;err=00 warn=00 typ=00 act=00 adr=00000000
   627 000007C0 0FB0CB                  cmpxchg	bl,cl ;err=00 warn=00 typ=00 act=00 adr=00000000
   628 000007C3 88CB                    mov	bl,cl ;err=00 warn=00 typ=00 act=00 adr=00000000
   629 000007C5 08CB                    or	bl,cl ;err=00 warn=00 typ=00 act=00 adr=00000000
   630 000007C7 18CB                    sbb	bl,cl ;err=00 warn=00 typ=00 act=00 adr=00000000
   631 000007C9 28CB                    sub	bl,cl ;err=00 warn=00 typ=00 act=00 adr=00000000
   632 000007CB 84CB                    test	bl,cl ;err=00 warn=00 typ=00 act=00 adr=00000000
   633 000007CD 0FC0CB                  xadd	bl,cl ;err=00 warn=00 typ=00 act=00 adr=00000000
   634 000007D0 30CB                    xor	bl,cl ;err=00 warn=00 typ=00 act=00 adr=00000000
   635 000007D2 108B56341208            adc	byte [ebx+08123456H],cl ;err=00 warn=00 typ=00 act=04 adr=08123456
   636 000007D8 100D56341208            adc	byte [08123456H],cl ;err=00 warn=00 typ=00 act=04 adr=08123456
   637 000007DE 104B05                  adc	byte [ebx+05H],cl ;err=00 warn=00 typ=00 act=00 adr=00000000
   638 000007E1 100B                    adc	byte [ebx],cl ;err=00 warn=00 typ=00 act=00 adr=00000000
   639 000007E3 D0D3                    rcl	bl,01H ;err=00 warn=00 typ=00 act=00 adr=00000000
   640 000007E5 D0DB                    rcr	bl,01H ;err=00 warn=00 typ=00 act=00 adr=00000000
   641 000007E7 D0C3                    rol	bl,01H ;err=00 warn=00 typ=00 act=00 adr=00000000
   642 000007E9 D0CB                    ror	bl,01H ;err=00 warn=00 typ=00 act=00 adr=00000000
   643 000007EB D0FB                    sar	bl,01H ;err=00 warn=00 typ=00 act=00 adr=00000000
   644 000007ED D0E3                    shl	bl,01H ;err=00 warn=00 typ=00 act=00 adr=00000000
   645 000007EF D0EB                    shr	bl,01H ;err=00 warn=00 typ=00 act=00 adr=00000000
   646 000007F1 80D305                  adc	bl,byte 05H ;err=00 warn=00 typ=00 act=00 adr=00000000
   647 000007F4 80D005                  db 0080H,00D0H,005H ;adc	al,byte 05H ;err=00 warn=01 typ=00 act=00 adr=00000000
   648 000007F7 80C305                  add	bl,byte 05H ;err=00 warn=00 typ=00 act=00 adr=00000000
   649 000007FA 80E305                  and	bl,byte 05H ;err=00 warn=00 typ=00 act=00 adr=00000000
   650 000007FD 80FB05                  cmp	bl,byte 05H ;err=00 warn=00 typ=00 act=00 adr=00000000
   651 00000800 80CB05                  or	bl,byte 05H ;err=00 warn=00 typ=00 act=00 adr=00000000
   652 00000803 B305                    mov	bl,005H ;err=00 warn=00 typ=00 act=00 adr=00000000
   653 00000805 C0D305                  rcl	bl,byte 05H ;err=00 warn=00 typ=00 act=00 adr=00000000
   654 00000808 C0C305                  rol	bl,byte 05H ;err=00 warn=00 typ=00 act=00 adr=00000000
   655 0000080B C0DB05                  rcr	bl,byte 05H ;err=00 warn=00 typ=00 act=00 adr=00000000
   656 0000080E C0FB05                  sar	bl,byte 05H ;err=00 warn=00 typ=00 act=00 adr=00000000
   657 00000811 80DB05                  sbb	bl,byte 05H ;err=00 warn=00 typ=00 act=00 adr=00000000
   658 00000814 C0E305                  shl	bl,byte 05H ;err=00 warn=00 typ=00 act=00 adr=00000000
   659 00000817 C0EB05                  shr	bl,byte 05H ;err=00 warn=00 typ=00 act=00 adr=00000000
   660 0000081A 80EB05                  sub	bl,byte 05H ;err=00 warn=00 typ=00 act=00 adr=00000000
   661 0000081D F6C305                  test	bl,byte 05H ;err=00 warn=00 typ=00 act=00 adr=00000000
   662 00000820 80F305                  xor	bl,byte 05H ;err=00 warn=00 typ=00 act=00 adr=00000000
   663 00000823 80355634120805          xor	byte [08123456H],byte 05H ;err=00 warn=00 typ=00 act=04 adr=08123456
   664 0000082A 80B35634120805          xor	byte [ebx+08123456H],byte 05H ;err=00 warn=00 typ=00 act=04 adr=08123456
   665 00000831 D01556341208            rcl	byte [08123456H],01H ;err=00 warn=00 typ=00 act=04 adr=08123456
   666 00000837 D09356341208            rcl	byte [ebx+08123456H],01H ;err=00 warn=00 typ=00 act=04 adr=08123456
   667 0000083D 80730505                xor	byte [ebx+05H],byte 05H ;err=00 warn=00 typ=00 act=00 adr=00000000
   668 00000841 D05305                  rcl	byte [ebx+05H],01H ;err=00 warn=00 typ=00 act=00 adr=00000000
   669 00000844 803305                  xor	byte [ebx],byte 05H ;err=00 warn=00 typ=00 act=00 adr=00000000
   670 00000847 D013                    rcl	byte [ebx],01H ;err=00 warn=00 typ=00 act=00 adr=00000000
   671 00000849 3EFE03                  inc	byte [ds:ebx] ;err=00 warn=02 typ=00 act=00 adr=00000000
   672 0000084C FEC3                    inc	bl ;err=00 warn=00 typ=00 act=00 adr=00000000
   673 0000084E FEC7                    inc	bh ;err=00 warn=00 typ=00 act=00 adr=00000000
   674 00000850 FEC0                    inc	al ;err=00 warn=00 typ=00 act=00 adr=00000000
   675 00000852 FEC8                    dec	al ;err=00 warn=00 typ=00 act=00 adr=00000000
   676 00000854 FEC9                    dec	cl ;err=00 warn=00 typ=00 act=00 adr=00000000
   677 00000856 FECA                    dec	dl ;err=00 warn=00 typ=00 act=00 adr=00000000
   678 00000858 F6D8                    neg	al ;err=00 warn=00 typ=00 act=00 adr=00000000
   679 0000085A F6D9                    neg	cl ;err=00 warn=00 typ=00 act=00 adr=00000000
   680 0000085C F6DA                    neg	dl ;err=00 warn=00 typ=00 act=00 adr=00000000
   681 0000085E FE83F4010000            inc	byte [ebx+01F4H] ;err=00 warn=00 typ=00 act=04 adr=000001F4
   682 00000864 FE0556341208            inc	byte [08123456H] ;err=00 warn=00 typ=00 act=04 adr=08123456
   683 0000086A FE4303                  inc	byte [ebx+03H] ;err=00 warn=00 typ=00 act=00 adr=00000000
   684 0000086D FE4002                  inc	byte [eax+02H] ;err=00 warn=00 typ=00 act=00 adr=00000000
   685 00000870 FE44C803                inc	byte [eax+ecx*8+03H] ;err=00 warn=00 typ=00 act=00 adr=00000000
   686 00000874 FE4503                  inc	byte [ebp+03H] ;err=00 warn=00 typ=00 act=00 adr=00000000
   687 00000877 FE00                    inc	byte [eax] ;err=00 warn=00 typ=00 act=00 adr=00000000
   688 00000879 FE03                    inc	byte [ebx] ;err=00 warn=00 typ=00 act=00 adr=00000000
   689 0000087B FE01                    inc	byte [ecx] ;err=00 warn=00 typ=00 act=00 adr=00000000
   690 0000087D FE02                    inc	byte [edx] ;err=00 warn=00 typ=00 act=00 adr=00000000
   691 0000087F FE06                    inc	byte [esi] ;err=00 warn=00 typ=00 act=00 adr=00000000
   692 00000881 FE07                    inc	byte [edi] ;err=00 warn=00 typ=00 act=00 adr=00000000
   693 00000883 3EFE03                  inc	byte [ds:ebx] ;err=00 warn=02 typ=00 act=00 adr=00000000
   694 00000886 26FE03                  inc	byte [es:ebx] ;err=00 warn=02 typ=00 act=00 adr=00000000
   695 00000889 2EFE03                  inc	byte [cs:ebx] ;err=00 warn=02 typ=00 act=00 adr=00000000
   696 0000088C 36FE03                  inc	byte [ss:ebx] ;err=00 warn=02 typ=00 act=00 adr=00000000
   697 0000088F 65FE03                  inc	byte [gs:ebx] ;err=00 warn=02 typ=00 act=00 adr=00000000
   698 00000892 64FE03                  inc	byte [fs:ebx] ;err=00 warn=02 typ=00 act=00 adr=00000000
   699 00000895 260F9703                seta	byte [es:ebx] ;err=00 warn=02 typ=00 act=00 adr=00000000
   700 00000899 0F9403                  sete	byte [ebx] ;err=00 warn=00 typ=00 act=00 adr=00000000
   701 0000089C 0F9803                  sets	byte [ebx] ;err=00 warn=00 typ=00 act=00 adr=00000000
   702 0000089F 0F9F03                  setg	byte [ebx] ;err=00 warn=00 typ=00 act=00 adr=00000000
   703 000008A2 0F9C03                  setl	byte [ebx] ;err=00 warn=00 typ=00 act=00 adr=00000000
   704 000008A5 0F9603                  setna	byte [ebx] ;err=00 warn=00 typ=00 act=00 adr=00000000
   705 000008A8 0F9303                  setnc	byte [ebx] ;err=00 warn=00 typ=00 act=00 adr=00000000
   706 000008AB 0F9503                  setne	byte [ebx] ;err=00 warn=00 typ=00 act=00 adr=00000000
   707 000008AE 0F9E03                  setng	byte [ebx] ;err=00 warn=00 typ=00 act=00 adr=00000000
   708 000008B1 0F9D03                  setnl	byte [ebx] ;err=00 warn=00 typ=00 act=00 adr=00000000
   709 000008B4 0F9903                  setns	byte [ebx] ;err=00 warn=00 typ=00 act=00 adr=00000000
   710 000008B7 0F9B03                  setnp	byte [ebx] ;err=00 warn=00 typ=00 act=00 adr=00000000
   711 000008BA 0F9003                  seto	byte [ebx] ;err=00 warn=00 typ=00 act=00 adr=00000000
   712 000008BD 0F9A01                  setp	byte [ecx] ;err=00 warn=00 typ=00 act=00 adr=00000000
   713 000008C0 0F9807                  sets	byte [edi] ;err=00 warn=00 typ=00 act=00 adr=00000000
   714 000008C3 0F9106                  setno	byte [esi] ;err=00 warn=00 typ=00 act=00 adr=00000000
   715 000008C6 FE049D00000000          inc	byte [00H+ebx*4] ;err=00 warn=00 typ=00 act=04 adr=00000000
   716 000008CD FE041B                  inc	byte [ebx+ebx] ;err=00 warn=00 typ=00 act=00 adr=00000000
   717 000008D0 FE04CB                  inc	byte [ebx+ecx*8] ;err=00 warn=00 typ=00 act=00 adr=00000000
   718 000008D3 FE03                    inc	byte [ebx] ;err=00 warn=00 typ=00 act=00 adr=00000000
   719 000008D5 FE0556341208            inc	byte [08123456H] ;err=00 warn=00 typ=00 act=04 adr=08123456
   720 000008DB FE0B                    dec	byte [ebx] ;err=00 warn=00 typ=00 act=00 adr=00000000
   721 000008DD F633                    div	byte [ebx] ;err=00 warn=00 typ=00 act=00 adr=00000000
   722 000008DF F63B                    idiv	byte [ebx] ;err=00 warn=00 typ=00 act=00 adr=00000000
   723 000008E1 F623                    mul	byte [ebx] ;err=00 warn=00 typ=00 act=00 adr=00000000
   724 000008E3 F62B                    imul	byte [ebx] ;err=00 warn=00 typ=00 act=00 adr=00000000
   725 000008E5 F61B                    neg	byte [ebx] ;err=00 warn=00 typ=00 act=00 adr=00000000
   726 000008E7 F613                    not	byte [ebx] ;err=00 warn=00 typ=00 act=00 adr=00000000
   727 000008E9 666D                    insw ;err=00 warn=00 typ=04 act=00 adr=00000000
   728 000008EB F0                      lock ;err=00 warn=00 typ=00 act=00 adr=00000000
   729 000008EC F36C                    rep	insb	 ;err=00 warn=00 typ=04 act=00 adr=00000000
   730 000008EE F36C                    rep	insb	 ;err=00 warn=00 typ=04 act=00 adr=00000000
   731 000008F0 6C                      insb	 ;err=00 warn=00 typ=04 act=00 adr=00000000
   732 000008F1 F3666D                  rep	insw ;err=00 warn=00 typ=04 act=00 adr=00000000
   733 000008F4 F36D                    rep	insd ;err=00 warn=00 typ=04 act=00 adr=00000000
   734 000008F6 A4                      movsb	 ;err=00 warn=00 typ=00 act=00 adr=00000000
   735 000008F7 F3A4                    rep	movsb	 ;err=00 warn=00 typ=00 act=00 adr=00000000
   736 000008F9 66A5                    movsw ;err=00 warn=00 typ=00 act=00 adr=00000000
   737 000008FB F366A5                  rep	movsw ;err=00 warn=00 typ=00 act=00 adr=00000000
   738 000008FE A5                      movsd ;err=00 warn=00 typ=00 act=00 adr=00000000
   739 000008FF AC                      lodsb	 ;err=00 warn=00 typ=00 act=00 adr=00000000
   740 00000900 66AD                    lodsw ;err=00 warn=00 typ=00 act=00 adr=00000000
   741 00000902 AD                      lodsd ;err=00 warn=00 typ=00 act=00 adr=00000000
   742 00000903 AA                      stosb	 ;err=00 warn=00 typ=00 act=00 adr=00000000
   743 00000904 66AB                    stosw ;err=00 warn=00 typ=00 act=00 adr=00000000
   744 00000906 AB                      stosd ;err=00 warn=00 typ=00 act=00 adr=00000000
   745 00000907 6E                      outsb	 ;err=00 warn=00 typ=04 act=00 adr=00000000
   746 00000908 666F                    outsw ;err=00 warn=00 typ=04 act=00 adr=00000000
   747 0000090A 6F                      outsd ;err=00 warn=00 typ=04 act=00 adr=00000000
   748 0000090B AA                      stosb	 ;err=00 warn=00 typ=00 act=00 adr=00000000
   749 0000090C 66AB                    stosw ;err=00 warn=00 typ=00 act=00 adr=00000000
   750 0000090E AB                      stosd ;err=00 warn=00 typ=00 act=00 adr=00000000
   751 0000090F F3AB                    rep	stosd ;err=00 warn=00 typ=00 act=00 adr=00000000
   752 00000911 A6                      cmpsb	 ;err=00 warn=00 typ=00 act=00 adr=00000000
   753 00000912 F266A7                  repne	cmpsw ;err=00 warn=00 typ=00 act=00 adr=00000000
   754 00000915 66A7                    cmpsw ;err=00 warn=00 typ=00 act=00 adr=00000000
   755 00000917 A7                      cmpsd ;err=00 warn=00 typ=00 act=00 adr=00000000
   756 00000918 F366A7                  rep	cmpsw ;err=00 warn=00 typ=00 act=00 adr=00000000
   757 0000091B AE                      scasb	 ;err=00 warn=00 typ=00 act=00 adr=00000000
   758 0000091C 66AF                    scasw ;err=00 warn=00 typ=00 act=00 adr=00000000
   759 0000091E AF                      scasd ;err=00 warn=00 typ=00 act=00 adr=00000000
   760 0000091F F0                      lock ;err=00 warn=00 typ=00 act=00 adr=00000000
   761 00000920 F3AF                    rep	scasd ;err=00 warn=00 typ=00 act=00 adr=00000000
   762 00000922 98                      cwde	 ;err=00 warn=00 typ=00 act=00 adr=00000000
   763 00000923 90                      xchg	eax,eax ;err=00 warn=00 typ=00 act=00 adr=00000000
   764 00000924 91                      xchg	eax,ecx ;err=00 warn=00 typ=00 act=00 adr=00000000
   765 00000925 92                      xchg	eax,edx ;err=00 warn=00 typ=00 act=00 adr=00000000
   766 00000926 93                      xchg	eax,ebx ;err=00 warn=00 typ=00 act=00 adr=00000000
   767 00000927 95                      xchg	eax,ebp ;err=00 warn=00 typ=00 act=00 adr=00000000
   768 00000928 94                      xchg	eax,esp ;err=00 warn=00 typ=00 act=00 adr=00000000
   769 00000929 96                      xchg	eax,esi ;err=00 warn=00 typ=00 act=00 adr=00000000
   770 0000092A 97                      xchg	eax,edi ;err=00 warn=00 typ=00 act=00 adr=00000000
   771 0000092B 6690                    xchg	ax,ax ;err=00 warn=00 typ=00 act=00 adr=00000000
   772 0000092D 6691                    xchg	ax,cx ;err=00 warn=00 typ=00 act=00 adr=00000000
   773 0000092F 6692                    xchg	ax,dx ;err=00 warn=00 typ=00 act=00 adr=00000000
   774 00000931 6693                    xchg	ax,bx ;err=00 warn=00 typ=00 act=00 adr=00000000
   775 00000933 6695                    xchg	ax,bp ;err=00 warn=00 typ=00 act=00 adr=00000000
   776 00000935 6694                    xchg	ax,sp ;err=00 warn=00 typ=00 act=00 adr=00000000
   777 00000937 6696                    xchg	ax,si ;err=00 warn=00 typ=00 act=00 adr=00000000
   778 00000939 6697                    xchg	ax,di ;err=00 warn=00 typ=00 act=00 adr=00000000
   779 0000093B B834120000              mov	eax,01234H ;err=00 warn=00 typ=00 act=00 adr=00001234
   780 00000940 B934120000              mov	ecx,01234H ;err=00 warn=00 typ=00 act=00 adr=00001234
   781 00000945 BA34120000              mov	edx,01234H ;err=00 warn=00 typ=00 act=00 adr=00001234
   782 0000094A BB34120000              mov	ebx,01234H ;err=00 warn=00 typ=00 act=00 adr=00001234
   783 0000094F BD34120000              mov	ebp,01234H ;err=00 warn=00 typ=00 act=00 adr=00001234
   784 00000954 BC34120000              mov	esp,01234H ;err=00 warn=00 typ=00 act=00 adr=00001234
   785 00000959 BE34120000              mov	esi,01234H ;err=00 warn=00 typ=00 act=00 adr=00001234
   786 0000095E BF34120000              mov	edi,01234H ;err=00 warn=00 typ=00 act=00 adr=00001234
   787 00000963 66B83412                mov	ax,001234H ;err=00 warn=00 typ=00 act=00 adr=00000000
   788 00000967 66B93412                mov	cx,001234H ;err=00 warn=00 typ=00 act=00 adr=00000000
   789 0000096B 66BA3412                mov	dx,001234H ;err=00 warn=00 typ=00 act=00 adr=00000000
   790 0000096F 66BB3412                mov	bx,001234H ;err=00 warn=00 typ=00 act=00 adr=00000000
   791 00000973 66BD3412                mov	bp,001234H ;err=00 warn=00 typ=00 act=00 adr=00000000
   792 00000977 66BC3412                mov	sp,001234H ;err=00 warn=00 typ=00 act=00 adr=00000000
   793 0000097B 66BE3412                mov	si,001234H ;err=00 warn=00 typ=00 act=00 adr=00000000
   794 0000097F 66BF3412                mov	di,001234H ;err=00 warn=00 typ=00 act=00 adr=00000000
   795 00000983 B055                    mov	al,0055H ;err=00 warn=00 typ=00 act=00 adr=00000000
   796 00000985 B156                    mov	cl,0056H ;err=00 warn=00 typ=00 act=00 adr=00000000
   797 00000987 B257                    mov	dl,0057H ;err=00 warn=00 typ=00 act=00 adr=00000000
   798 00000989 B358                    mov	bl,0058H ;err=00 warn=00 typ=00 act=00 adr=00000000
   799 0000098B B459                    mov	ah,0059H ;err=00 warn=00 typ=00 act=00 adr=00000000
   800 0000098D B55A                    mov	ch,005AH ;err=00 warn=00 typ=00 act=00 adr=00000000
   801 0000098F B65B                    mov	dh,005BH ;err=00 warn=00 typ=00 act=00 adr=00000000
   802 00000991 B75C                    mov	bh,005CH ;err=00 warn=00 typ=00 act=00 adr=00000000
   803 00000993 98                      cwde	 ;err=00 warn=00 typ=00 act=00 adr=00000000
   804 00000994 6698                    cbw ;err=00 warn=00 typ=00 act=00 adr=00000000
   805 00000996 99                      cdq	 ;err=00 warn=00 typ=00 act=00 adr=00000000
   806 00000997 6699                    cwd ;err=00 warn=00 typ=00 act=00 adr=00000000
   807 00000999 F0                      lock ;err=00 warn=00 typ=00 act=00 adr=00000000
   808 0000099A 6698                    cbw ;err=00 warn=00 typ=00 act=00 adr=00000000
   809 0000099C F0                      lock ;err=00 warn=00 typ=00 act=00 adr=00000000
   810 0000099D B055                    mov	al,0055H ;err=00 warn=00 typ=00 act=00 adr=00000000
   811 0000099F F0                      lock ;err=00 warn=00 typ=00 act=00 adr=00000000
   812 000009A0 93                      xchg	eax,ebx ;err=00 warn=00 typ=00 act=00 adr=00000000
   813 000009A1 F0                      lock ;err=00 warn=00 typ=00 act=00 adr=00000000
   814 000009A2 6699                    cwd ;err=00 warn=00 typ=00 act=00 adr=00000000
   815 000009A4 0FA8                    push	gs ;err=00 warn=04 typ=00 act=00 adr=00000000
   816 000009A6 0E                      push	cs ;err=00 warn=04 typ=00 act=00 adr=00000000
   817 000009A7 16                      push	ss ;err=00 warn=04 typ=00 act=00 adr=00000000
   818 000009A8 17                      pop	ss ;err=00 warn=04 typ=00 act=00 adr=00000000
   819 000009A9 1E                      push	ds ;err=00 warn=04 typ=00 act=00 adr=00000000
   820 000009AA 1F                      pop	ds ;err=00 warn=04 typ=00 act=00 adr=00000000
   821 000009AB 07                      pop	es ;err=00 warn=04 typ=00 act=00 adr=00000000
   822 000009AC F0                      lock ;err=00 warn=00 typ=00 act=00 adr=00000000
   823 000009AD 07                      pop	es ;err=00 warn=04 typ=00 act=00 adr=00000000
   824 000009AE 06                      push	es ;err=00 warn=04 typ=00 act=00 adr=00000000
   825 000009AF 27                      daa ;err=00 warn=00 typ=00 act=00 adr=00000000
   826 000009B0 2F                      das ;err=00 warn=00 typ=00 act=00 adr=00000000
   827 000009B1 37                      aaa ;err=00 warn=00 typ=00 act=00 adr=00000000
   828 000009B2 3F                      aas ;err=00 warn=00 typ=00 act=00 adr=00000000
   829 000009B3 60                      pusha ;err=00 warn=00 typ=00 act=00 adr=00000000
   830 000009B4 61                      popa ;err=00 warn=00 typ=00 act=00 adr=00000000
   831 000009B5 9E                      sahf ;err=00 warn=00 typ=00 act=00 adr=00000000
   832 000009B6 9F                      lahf ;err=00 warn=00 typ=00 act=00 adr=00000000
   833 000009B7 C3                      ret ;err=00 warn=00 typ=08 act=00 adr=00000000
   834 000009B8 C9                      leave ;err=00 warn=00 typ=08 act=00 adr=00000000
   835 000009B9 CC                      int3 ;err=00 warn=08 typ=08 act=00 adr=00000000
   836 000009BA CB                      retf ;err=00 warn=00 typ=08 act=00 adr=00000000
   837 000009BB CE                      into ;err=00 warn=08 typ=04 act=00 adr=00000000
   838 000009BC CF                      iret ;err=00 warn=08 typ=04 act=00 adr=00000000
   839 000009BD D7                      xlatb ;err=00 warn=00 typ=00 act=00 adr=00000000
   840 000009BE F4                      hlt ;err=00 warn=08 typ=08 act=00 adr=00000000
   841 000009BF F5                      cmc ;err=00 warn=00 typ=00 act=00 adr=00000000
   842 000009C0 F8                      clc ;err=00 warn=00 typ=00 act=00 adr=00000000
   843 000009C1 F9                      stc ;err=00 warn=00 typ=00 act=00 adr=00000000
   844 000009C2 FA                      cli ;err=00 warn=00 typ=00 act=00 adr=00000000
   845 000009C3 FB                      sti ;err=00 warn=00 typ=00 act=00 adr=00000000
   846 000009C4 FC                      cld ;err=00 warn=00 typ=00 act=00 adr=00000000
   847 000009C5 FD                      std ;err=00 warn=00 typ=00 act=00 adr=00000000
   848 000009C6 9C                      pushf ;err=00 warn=00 typ=00 act=00 adr=00000000
   849 000009C7 9D                      popf ;err=00 warn=00 typ=00 act=00 adr=00000000
   850 000009C8 9B                      wait ;err=00 warn=08 typ=04 act=00 adr=00000000
   851 000009C9 0F06                    clts ;err=00 warn=08 typ=04 act=00 adr=00000000
   852 000009CB 0FA2                    cpuid ;err=00 warn=00 typ=00 act=00 adr=00000000
   853 000009CD 0FA1                    pop	fs ;err=00 warn=04 typ=00 act=00 adr=00000000
   854 000009CF 0FA0                    push	fs ;err=00 warn=04 typ=00 act=00 adr=00000000
   855 000009D1 0FA9                    pop	gs ;err=00 warn=04 typ=00 act=00 adr=00000000
   856 000009D3 F0                      lock ;err=00 warn=00 typ=00 act=00 adr=00000000
   857 000009D4 6650                    push	ax ;err=00 warn=08 typ=00 act=00 adr=00000000
   858 000009D6 F0                      lock ;err=00 warn=00 typ=00 act=00 adr=00000000
   859 000009D7 6650                    push	ax ;err=00 warn=08 typ=00 act=00 adr=00000000
   860 000009D9 F0                      lock ;err=00 warn=00 typ=00 act=00 adr=00000000
   861 000009DA 51                      push	ecx ;err=00 warn=00 typ=00 act=00 adr=00000000
   862 000009DB 6651                    push	cx ;err=00 warn=08 typ=00 act=00 adr=00000000
   863 000009DD 52                      push	edx ;err=00 warn=00 typ=00 act=00 adr=00000000
   864 000009DE 6652                    push	dx ;err=00 warn=08 typ=00 act=00 adr=00000000
   865 000009E0 53                      push	ebx ;err=00 warn=00 typ=00 act=00 adr=00000000
   866 000009E1 6653                    push	bx ;err=00 warn=08 typ=00 act=00 adr=00000000
   867 000009E3 54                      push	esp ;err=00 warn=00 typ=00 act=00 adr=00000000
   868 000009E4 6654                    push	sp ;err=00 warn=08 typ=00 act=00 adr=00000000
   869 000009E6 55                      push	ebp ;err=00 warn=00 typ=00 act=00 adr=00000000
   870 000009E7 6655                    push	bp ;err=00 warn=08 typ=00 act=00 adr=00000000
   871 000009E9 56                      push	esi ;err=00 warn=00 typ=00 act=00 adr=00000000
   872 000009EA 6656                    push	si ;err=00 warn=08 typ=00 act=00 adr=00000000
   873 000009EC 57                      push	edi ;err=00 warn=00 typ=00 act=00 adr=00000000
   874 000009ED 6657                    push	di ;err=00 warn=08 typ=00 act=00 adr=00000000
   875 000009EF 58                      pop	eax ;err=00 warn=00 typ=00 act=00 adr=00000000
   876 000009F0 40                      inc	eax ;err=00 warn=00 typ=00 act=00 adr=00000000
   877 000009F1 48                      dec	eax ;err=00 warn=00 typ=00 act=00 adr=00000000
